<?xml version="1.0" encoding="UTF-8"?>
<!-- Generated by org.testng.reporters.JUnitXMLReporter -->
<testsuite hostname="Lenovo-PC" ignored="216" name="Vikram" tests="68" failures="31" timestamp="2020-05-01T16:47:07 IST" time="3260.504" errors="0">
  <testcase name="ClickPayCreditCardWithoutLogin" time="14.995" classname="testcases.paycreditcard.TC01ClickPayCreditCardwithoutLoginfromWelcomeScreen"/>
  <testcase name="PayCreditCardIconCheck" time="38.788" classname="testcases.paycreditcard.TC01PayCreditCardIconCheck">
    <failure type="java.lang.RuntimeException" message="FAILED">
      <![CDATA[java.lang.RuntimeException: FAILED
at utils.Reporter.reportStep(Reporter.java:29)
at wrappers.GenericWrappers.clickWrapper(GenericWrappers.java:376)
at wrappers.GenericWrappers.clickByXpath(GenericWrappers.java:760)
at pages.PayCreditCardPage.ClickLoginButton(PayCreditCardPage.java:29)
at testcases.paycreditcard.TC01PayCreditCardIconCheck.PayCreditCardIconCheck(TC01PayCreditCardIconCheck.java:35)
at java.util.ArrayList.forEach(Unknown Source)
... Removed 27 stack frames]]>
    </failure>
  </testcase> <!-- PayCreditCardIconCheck -->
  <testcase name="ClickPayCreditCardWithoutLogin" time="16.171" classname="testcases.paycreditcard.TC02ClickPayCreditCardwithoutLoginUsingDownArrow"/>
  <testcase name="PayCreditCardInTextAreawithoutLogin" time="17.323" classname="testcases.paycreditcard.TC03PayCreditCardInTextAreawithoutLogin"/>
  <testcase name="ClickPayCreditCardWithLogin" time="31.845" classname="testcases.paycreditcard.TC04ClickPayCreditCardwithLoginfromWelcomeScreen"/>
  <testcase name="PayCreditCardSelecttheAccounts" time="33.861" classname="testcases.paycreditcard.TC05PayCreditCardSelecttheAccounts"/>
  <testcase name="PayCreditCardSelecttheAxcessPlusAccount" time="36.673" classname="testcases.paycreditcard.TC05PayCreditCardSelecttheAccounts"/>
  <testcase name="PayCreditCardSelecttheRegularCurrentAccount" time="36.98" classname="testcases.paycreditcard.TC05PayCreditCardSelecttheAccounts">
    <failure type="java.lang.RuntimeException" message="FAILED">
      <![CDATA[java.lang.RuntimeException: FAILED
at utils.Reporter.reportStep(Reporter.java:29)
at wrappers.GenericWrappers.verifyTextByXpath(GenericWrappers.java:474)
at pages.PayCreditCardPage.VerifyAccountListMessage(PayCreditCardPage.java:95)
at testcases.paycreditcard.TC05PayCreditCardSelecttheAccounts.PayCreditCardSelecttheRegularCurrentAccount(TC05PayCreditCardSelecttheAccounts.java:96)
at java.util.ArrayList.forEach(Unknown Source)
... Removed 27 stack frames]]>
    </failure>
  </testcase> <!-- PayCreditCardSelecttheRegularCurrentAccount -->
  <testcase name="PayCreditCardSelecttheSuperValueAccount" time="37.012" classname="testcases.paycreditcard.TC05PayCreditCardSelecttheAccounts"/>
  <testcase name="PayCreditCardSelectCard" time="39.589" classname="testcases.paycreditcard.TC06PayCreditCardSelecttheCard"/>
  <testcase name="PayCreditCardSelectPlatinumRewards" time="44.344" classname="testcases.paycreditcard.TC06PayCreditCardSelecttheCard"/>
  <testcase name="PayCreditCardSelectUltimateCard" time="43.846" classname="testcases.paycreditcard.TC06PayCreditCardSelecttheCard"/>
  <testcase name="PayCreditCardSelectMinimumAmount" time="47.274" classname="testcases.paycreditcard.TC07PayCreditCardSelectAmountType"/>
  <testcase name="PayCreditCardSelectOtherAmount" time="56.171" classname="testcases.paycreditcard.TC07PayCreditCardSelectAmountType"/>
  <testcase name="PayCreditCardSelectStatementAmount" time="45.528" classname="testcases.paycreditcard.TC07PayCreditCardSelectAmountType">
    <failure type="java.lang.RuntimeException" message="FAILED">
      <![CDATA[java.lang.RuntimeException: FAILED
at utils.Reporter.reportStep(Reporter.java:29)
at wrappers.GenericWrappers.verifyTextByXpath(GenericWrappers.java:474)
at pages.PayCreditCardPage.VerifyClientResponseMessage(PayCreditCardPage.java:90)
at testcases.paycreditcard.TC07PayCreditCardSelectAmountType.PayCreditCardSelectStatementAmount(TC07PayCreditCardSelectAmountType.java:99)
at java.util.ArrayList.forEach(Unknown Source)
... Removed 27 stack frames]]>
    </failure>
  </testcase> <!-- PayCreditCardSelectStatementAmount -->
  <testcase name="PayCreditCardPaymentConfirmation" time="31.381" classname="testcases.paycreditcard.TC08PayCreditCardPaymentConfirmation">
    <failure type="java.lang.RuntimeException" message="FAILED">
      <![CDATA[java.lang.RuntimeException: FAILED
at utils.Reporter.reportStep(Reporter.java:29)
at wrappers.GenericWrappers.verifyTextByXpath(GenericWrappers.java:474)
at pages.PayCreditCardPage.verifyWelcomeUserName(PayCreditCardPage.java:52)
at testcases.paycreditcard.TC08PayCreditCardPaymentConfirmation.PayCreditCardPaymentConfirmation(TC08PayCreditCardPaymentConfirmation.java:43)
at java.util.ArrayList.forEach(Unknown Source)
... Removed 27 stack frames]]>
    </failure>
  </testcase> <!-- PayCreditCardPaymentConfirmation -->
  <testcase name="PayCreditCardEnterOTP" time="61.087" classname="testcases.paycreditcard.TC09PayCreditCardEnterOTP"/>
  <testcase name="PayCreditCardViewtheTransactionSuccessfulMessage" time="62.282" classname="testcases.paycreditcard.TC10PayCreditCardViewtheTransactionSuccessfulMessage"/>
  <testcase name="PayCreditCardViewTransactionCancellationMessage" time="58.952" classname="testcases.paycreditcard.TC11PayCreditCardViewTransactionCancellationMessage">
    <failure type="java.lang.RuntimeException" message="FAILED">
      <![CDATA[java.lang.RuntimeException: FAILED
at utils.Reporter.reportStep(Reporter.java:29)
at wrappers.GenericWrappers.verifyTextByXpath(GenericWrappers.java:474)
at pages.PayCreditCardPage.VerifyClientResponseMessage(PayCreditCardPage.java:90)
at testcases.paycreditcard.TC11PayCreditCardViewTransactionCancellationMessage.PayCreditCardViewTransactionCancellationMessage(TC11PayCreditCardViewTransactionCancellationMessage.java:56)
at java.util.ArrayList.forEach(Unknown Source)
... Removed 27 stack frames]]>
    </failure>
  </testcase> <!-- PayCreditCardViewTransactionCancellationMessage -->
  <testcase name="PayCreditCardValidationMessageWhentheUserEntersWrongAccountName" time="45.12" classname="testcases.paycreditcard.TC12PayCreditCardValidationMessageWhentheUserEntersWrongAccountName"/>
  <testcase name="PayCreditCardTwoInvalidAttemptswhileAccountSelection" time="59.371" classname="testcases.paycreditcard.TC13PayCreditCardTwoInvalidAttemptswhileAccountSelection">
    <failure type="java.lang.RuntimeException" message="FAILED">
      <![CDATA[java.lang.RuntimeException: FAILED
at utils.Reporter.reportStep(Reporter.java:29)
at wrappers.GenericWrappers.verifyTextByXpath(GenericWrappers.java:474)
at pages.PayCreditCardPage.VerifyClientResponseMessage(PayCreditCardPage.java:90)
at testcases.paycreditcard.TC13PayCreditCardTwoInvalidAttemptswhileAccountSelection.PayCreditCardTwoInvalidAttemptswhileAccountSelection(TC13PayCreditCardTwoInvalidAttemptswhileAccountSelection.java:53)
at java.util.ArrayList.forEach(Unknown Source)
... Removed 27 stack frames]]>
    </failure>
  </testcase> <!-- PayCreditCardTwoInvalidAttemptswhileAccountSelection -->
  <testcase name="PayCreditCardValidationMessageWhentheUserEntersWrongCardName" time="32.324" classname="testcases.paycreditcard.TC14PayCreditCardValidationMessageWhentheUserEntersWrongCardName">
    <failure type="java.lang.RuntimeException" message="FAILED">
      <![CDATA[java.lang.RuntimeException: FAILED
at utils.Reporter.reportStep(Reporter.java:29)
at wrappers.GenericWrappers.verifyTextByXpath(GenericWrappers.java:474)
at pages.PayCreditCardPage.verifyWelcomeUserName(PayCreditCardPage.java:52)
at testcases.paycreditcard.TC14PayCreditCardValidationMessageWhentheUserEntersWrongCardName.PayCreditCardValidationMessageWhentheUserEntersWrongCardName(TC14PayCreditCardValidationMessageWhentheUserEntersWrongCardName.java:43)
at java.util.ArrayList.forEach(Unknown Source)
... Removed 27 stack frames]]>
    </failure>
  </testcase> <!-- PayCreditCardValidationMessageWhentheUserEntersWrongCardName -->
  <testcase name="PayCreditCardTwoInvalidAttemptswhileCardSelection" time="66.433" classname="testcases.paycreditcard.TC15PayCreditCardTwoInvalidAttemptswhileCardSelection">
    <failure type="java.lang.RuntimeException" message="FAILED">
      <![CDATA[java.lang.RuntimeException: FAILED
at utils.Reporter.reportStep(Reporter.java:29)
at wrappers.GenericWrappers.verifyTextByXpath(GenericWrappers.java:474)
at pages.PayCreditCardPage.VerifyClientResponseMessage(PayCreditCardPage.java:90)
at testcases.paycreditcard.TC15PayCreditCardTwoInvalidAttemptswhileCardSelection.PayCreditCardTwoInvalidAttemptswhileCardSelection(TC15PayCreditCardTwoInvalidAttemptswhileCardSelection.java:55)
at java.util.ArrayList.forEach(Unknown Source)
... Removed 27 stack frames]]>
    </failure>
  </testcase> <!-- PayCreditCardTwoInvalidAttemptswhileCardSelection -->
  <testcase name="PayCreditCardValidationMessageWhentheUserEntersWrongPaymentType" time="30.533" classname="testcases.paycreditcard.TC16PayCreditCardValidationMessageWhentheUserEntersWrongPaymentType">
    <failure type="java.lang.RuntimeException" message="FAILED">
      <![CDATA[java.lang.RuntimeException: FAILED
at utils.Reporter.reportStep(Reporter.java:29)
at wrappers.GenericWrappers.verifyTextByXpath(GenericWrappers.java:474)
at pages.PayCreditCardPage.verifyWelcomeUserName(PayCreditCardPage.java:52)
at testcases.paycreditcard.TC16PayCreditCardValidationMessageWhentheUserEntersWrongPaymentType.PayCreditCardValidationMessageWhentheUserEntersWrongPaymentType(TC16PayCreditCardValidationMessageWhentheUserEntersWrongPaymentType.java:43)
at java.util.ArrayList.forEach(Unknown Source)
... Removed 27 stack frames]]>
    </failure>
  </testcase> <!-- PayCreditCardValidationMessageWhentheUserEntersWrongPaymentType -->
  <testcase name="PayCreditCardTwoInvalidAttemptswhilePaymentTypeSelection" time="71.669" classname="testcases.paycreditcard.TC17PayCreditCardTwoInvalidAttemptswhilePaymentTypeSelection">
    <failure type="java.lang.RuntimeException" message="FAILED">
      <![CDATA[java.lang.RuntimeException: FAILED
at utils.Reporter.reportStep(Reporter.java:29)
at wrappers.GenericWrappers.verifyTextByXpath(GenericWrappers.java:474)
at pages.PayCreditCardPage.VerifyClientResponseMessage(PayCreditCardPage.java:90)
at testcases.paycreditcard.TC17PayCreditCardTwoInvalidAttemptswhilePaymentTypeSelection.PayCreditCardTwoInvalidAttemptswhilePaymentTypeSelection(TC17PayCreditCardTwoInvalidAttemptswhilePaymentTypeSelection.java:57)
at java.util.ArrayList.forEach(Unknown Source)
... Removed 27 stack frames]]>
    </failure>
  </testcase> <!-- PayCreditCardTwoInvalidAttemptswhilePaymentTypeSelection -->
  <testcase name="PayCreditCardUserEntersWrongConfirmationInputWhileConfirmingthePayment" time="54.802" classname="testcases.paycreditcard.TC18PayCreditCardUserEntersWrongConfirmationInputWhileConfirmingthePayment"/>
  <testcase name="PayCreditCardUserEntersWrongConfirmationInputWhileConfirmingthePayment" time="39.455" classname="testcases.paycreditcard.TC19PayCreditCardTwoInvalidAttemptsWhileConfirmingthePayment">
    <failure type="java.lang.RuntimeException" message="FAILED">
      <![CDATA[java.lang.RuntimeException: FAILED
at utils.Reporter.reportStep(Reporter.java:29)
at wrappers.GenericWrappers.verifyTextByXpath(GenericWrappers.java:474)
at pages.PayCreditCardPage.VerifyClientResponseMessage(PayCreditCardPage.java:90)
at testcases.paycreditcard.TC19PayCreditCardTwoInvalidAttemptsWhileConfirmingthePayment.PayCreditCardUserEntersWrongConfirmationInputWhileConfirmingthePayment(TC19PayCreditCardTwoInvalidAttemptsWhileConfirmingthePayment.java:49)
at java.util.ArrayList.forEach(Unknown Source)
... Removed 27 stack frames]]>
    </failure>
  </testcase> <!-- PayCreditCardUserEntersWrongConfirmationInputWhileConfirmingthePayment -->
  <testcase name="PayCreditCardEnterWrongConfirmationInputsWhileEnteringtheOTP" time="60.718" classname="testcases.paycreditcard.TC20PayCreditCardEnterWrongConfirmationInputsWhileEnteringtheOTP"/>
  <testcase name="TwoInvalidAttemptswhileAccountSelection" time="77.22" classname="testcases.paycreditcard.TC21PayCreditCardTwoInvalidAttemptsWhileEnteringtheOTP">
    <failure type="java.lang.RuntimeException" message="FAILED">
      <![CDATA[java.lang.RuntimeException: FAILED
at utils.Reporter.reportStep(Reporter.java:29)
at wrappers.GenericWrappers.verifyTextByXpath(GenericWrappers.java:474)
at pages.PayCreditCardPage.VerifyClientResponseMessage(PayCreditCardPage.java:90)
at testcases.paycreditcard.TC21PayCreditCardTwoInvalidAttemptsWhileEnteringtheOTP.TwoInvalidAttemptswhileAccountSelection(TC21PayCreditCardTwoInvalidAttemptsWhileEnteringtheOTP.java:60)
at java.util.ArrayList.forEach(Unknown Source)
... Removed 27 stack frames]]>
    </failure>
  </testcase> <!-- TwoInvalidAttemptswhileAccountSelection -->
  <testcase name="NoAccountstoSelectWhilePayingCreditCard" time="30.982" classname="testcases.paycreditcard.TC22PayCreditCardNoAccountstoSelectWhilePayingCreditCard">
    <failure type="java.lang.RuntimeException" message="FAILED">
      <![CDATA[java.lang.RuntimeException: FAILED
at utils.Reporter.reportStep(Reporter.java:29)
at wrappers.GenericWrappers.verifyTextByXpath(GenericWrappers.java:474)
at pages.PayCreditCardPage.verifyWelcomeUserName(PayCreditCardPage.java:52)
at testcases.paycreditcard.TC22PayCreditCardNoAccountstoSelectWhilePayingCreditCard.NoAccountstoSelectWhilePayingCreditCard(TC22PayCreditCardNoAccountstoSelectWhilePayingCreditCard.java:43)
at java.util.ArrayList.forEach(Unknown Source)
... Removed 27 stack frames]]>
    </failure>
  </testcase> <!-- NoAccountstoSelectWhilePayingCreditCard -->
  <testcase name="UserNoAccount" time="32.259" classname="testcases.paycreditcard.TC24NoCardstoSelectwhilePayingCreditCard"/>
  <testcase name="UsertoClickOnOtherAmount" time="56.515" classname="testcases.paycreditcard.TC26PayCreditCardUsertoClickOnOtherAmount"/>
  <testcase name="UsertoClickOnOtherAmountEntertheAmount" time="45.905" classname="testcases.paycreditcard.TC27PayCreditCardUsertoClickOnOtherAmountEntertheAmount">
    <failure type="java.lang.RuntimeException" message="FAILED">
      <![CDATA[java.lang.RuntimeException: FAILED
at utils.Reporter.reportStep(Reporter.java:29)
at wrappers.GenericWrappers.verifyTextByXpath(GenericWrappers.java:474)
at pages.PayCreditCardPage.VerifyClientResponseMessage(PayCreditCardPage.java:90)
at testcases.paycreditcard.TC27PayCreditCardUsertoClickOnOtherAmountEntertheAmount.UsertoClickOnOtherAmountEntertheAmount(TC27PayCreditCardUsertoClickOnOtherAmountEntertheAmount.java:50)
at java.util.ArrayList.forEach(Unknown Source)
... Removed 27 stack frames]]>
    </failure>
  </testcase> <!-- UsertoClickOnOtherAmountEntertheAmount -->
  <testcase name="UsertoClickOnOtherAmountEntertheInvalidAmount" time="56.524" classname="testcases.paycreditcard.TC28PayCreditCardUsertoClickOnOtherAmountEnterInvalidAmount"/>
  <testcase name="TwoInvalidAttemptswhileAccountSelection" time="77.871" classname="testcases.paycreditcard.TC29PayCreditCardTwoInvalidAttemptsWhileEnteringtheOTP">
    <failure type="java.lang.RuntimeException" message="FAILED">
      <![CDATA[java.lang.RuntimeException: FAILED
at utils.Reporter.reportStep(Reporter.java:29)
at wrappers.GenericWrappers.verifyTextByXpath(GenericWrappers.java:474)
at pages.PayCreditCardPage.VerifyClientResponseMessage(PayCreditCardPage.java:90)
at testcases.paycreditcard.TC29PayCreditCardTwoInvalidAttemptsWhileEnteringtheOTP.TwoInvalidAttemptswhileAccountSelection(TC29PayCreditCardTwoInvalidAttemptsWhileEnteringtheOTP.java:60)
at java.util.ArrayList.forEach(Unknown Source)
... Removed 27 stack frames]]>
    </failure>
  </testcase> <!-- TwoInvalidAttemptswhileAccountSelection -->
  <testcase name="UtterancebasedonAccountNameAxcessPlusAccount" time="34.041" classname="testcases.paycreditcard.TC30PayCreditCardSelectTheCorrectAccountAutomaticallyWhenUserGivesUtterancebasedonAccountName"/>
  <testcase name="UtterancebasedonAccountNameRegularCurrentAccount" time="36.969" classname="testcases.paycreditcard.TC30PayCreditCardSelectTheCorrectAccountAutomaticallyWhenUserGivesUtterancebasedonAccountName"/>
  <testcase name="UtterancebasedonAccountNameSuperValueAccount" time="33.589" classname="testcases.paycreditcard.TC30PayCreditCardSelectTheCorrectAccountAutomaticallyWhenUserGivesUtterancebasedonAccountName"/>
  <testcase name="UtterancebasedonAccountNameAxcessPlusAccount" time="24.838" classname="testcases.paycreditcard.TC31PayCreditCardUserGivesUtterancebasedonAccountType">
    <failure type="java.lang.RuntimeException" message="FAILED">
      <![CDATA[java.lang.RuntimeException: FAILED
at utils.Reporter.reportStep(Reporter.java:29)
at wrappers.GenericWrappers.verifyTextByXpath(GenericWrappers.java:474)
at pages.PayCreditCardPage.verifyWelcomeUserName(PayCreditCardPage.java:52)
at testcases.paycreditcard.TC31PayCreditCardUserGivesUtterancebasedonAccountType.UtterancebasedonAccountNameAxcessPlusAccount(TC31PayCreditCardUserGivesUtterancebasedonAccountType.java:59)
at java.util.ArrayList.forEach(Unknown Source)
... Removed 27 stack frames]]>
    </failure>
  </testcase> <!-- UtterancebasedonAccountNameAxcessPlusAccount -->
  <testcase name="UtterancebasedonAccountNameSavingAccount" time="35.2" classname="testcases.paycreditcard.TC31PayCreditCardUserGivesUtterancebasedonAccountType">
    <failure type="java.lang.RuntimeException" message="FAILED">
      <![CDATA[java.lang.RuntimeException: FAILED
at utils.Reporter.reportStep(Reporter.java:29)
at wrappers.GenericWrappers.verifyTextByXpath(GenericWrappers.java:474)
at pages.PayCreditCardPage.VerifyClientResponseMessage(PayCreditCardPage.java:90)
at testcases.paycreditcard.TC31PayCreditCardUserGivesUtterancebasedonAccountType.UtterancebasedonAccountNameSavingAccount(TC31PayCreditCardUserGivesUtterancebasedonAccountType.java:44)
at java.util.ArrayList.forEach(Unknown Source)
... Removed 27 stack frames]]>
    </failure>
  </testcase> <!-- UtterancebasedonAccountNameSavingAccount -->
  <testcase name="UtterancebasedonAccountNameSavingAccount" time="34.809" classname="testcases.paycreditcard.TC32PayCreditCardAccountNumberEndingWith"/>
  <testcase name="PayCreditCardPayPlatinumRewards" time="40.188" classname="testcases.paycreditcard.TC33PayCreditCardPayPlatinumRewards"/>
  <testcase name="PayCreditCardPayPlatinumRewardsMinimumAmount" time="40.932" classname="testcases.paycreditcard.TC34PayCreditCardPayUtteranceBasedOnAmountType"/>
  <testcase name="PayCreditCardPayPlatinumRewardsOtherAmount" time="25.131" classname="testcases.paycreditcard.TC34PayCreditCardPayUtteranceBasedOnAmountType">
    <failure type="java.lang.RuntimeException" message="FAILED">
      <![CDATA[java.lang.RuntimeException: FAILED
at utils.Reporter.reportStep(Reporter.java:29)
at wrappers.GenericWrappers.verifyTextByXpath(GenericWrappers.java:474)
at pages.PayCreditCardPage.verifyWelcomeUserName(PayCreditCardPage.java:52)
at testcases.paycreditcard.TC34PayCreditCardPayUtteranceBasedOnAmountType.PayCreditCardPayPlatinumRewardsOtherAmount(TC34PayCreditCardPayUtteranceBasedOnAmountType.java:61)
at java.util.ArrayList.forEach(Unknown Source)
... Removed 27 stack frames]]>
    </failure>
  </testcase> <!-- PayCreditCardPayPlatinumRewardsOtherAmount -->
  <testcase name="PayCreditCardPayPlatinumRewardsStatementAmount" time="40.021" classname="testcases.paycreditcard.TC34PayCreditCardPayUtteranceBasedOnAmountType"/>
  <testcase name="PayCreditCardPayUtteranceBasedOnAccountandCard" time="25.274" classname="testcases.paycreditcard.TC35PayCreditCardPayUtteranceBasedOnAccountandCard">
    <failure type="java.lang.RuntimeException" message="FAILED">
      <![CDATA[java.lang.RuntimeException: FAILED
at utils.Reporter.reportStep(Reporter.java:29)
at wrappers.GenericWrappers.verifyTextByXpath(GenericWrappers.java:474)
at pages.PayCreditCardPage.verifyWelcomeUserName(PayCreditCardPage.java:52)
at testcases.paycreditcard.TC35PayCreditCardPayUtteranceBasedOnAccountandCard.PayCreditCardPayUtteranceBasedOnAccountandCard(TC35PayCreditCardPayUtteranceBasedOnAccountandCard.java:42)
at java.util.ArrayList.forEach(Unknown Source)
... Removed 27 stack frames]]>
    </failure>
  </testcase> <!-- PayCreditCardPayUtteranceBasedOnAccountandCard -->
  <testcase name="PayCreditCardPayPlatinumRewardsOtherAmount" time="40.729" classname="testcases.paycreditcard.TC36PayCreditCardPayUtteranceBasedOnAmount"/>
  <testcase name="PayCreditCardPayPlatinumRewardsOtherAmount" time="25.126" classname="testcases.paycreditcard.TC37PayCreditCardPayUtteranceBasedOnAccountType">
    <failure type="java.lang.RuntimeException" message="FAILED">
      <![CDATA[java.lang.RuntimeException: FAILED
at utils.Reporter.reportStep(Reporter.java:29)
at wrappers.GenericWrappers.verifyTextByXpath(GenericWrappers.java:474)
at pages.PayCreditCardPage.verifyWelcomeUserName(PayCreditCardPage.java:52)
at testcases.paycreditcard.TC37PayCreditCardPayUtteranceBasedOnAccountType.PayCreditCardPayPlatinumRewardsOtherAmount(TC37PayCreditCardPayUtteranceBasedOnAccountType.java:42)
at java.util.ArrayList.forEach(Unknown Source)
... Removed 27 stack frames]]>
    </failure>
  </testcase> <!-- PayCreditCardPayPlatinumRewardsOtherAmount -->
  <testcase name="PayCreditCardPayUtteranceBase" time="23.636" classname="testcases.paycreditcard.TC38PayCreditCardPayUtteranceBase">
    <failure type="java.lang.RuntimeException" message="FAILED">
      <![CDATA[java.lang.RuntimeException: FAILED
at utils.Reporter.reportStep(Reporter.java:29)
at wrappers.GenericWrappers.verifyTextByXpath(GenericWrappers.java:474)
at pages.PayCreditCardPage.verifyWelcomeUserName(PayCreditCardPage.java:52)
at testcases.paycreditcard.TC38PayCreditCardPayUtteranceBase.PayCreditCardPayUtteranceBase(TC38PayCreditCardPayUtteranceBase.java:42)
at java.util.ArrayList.forEach(Unknown Source)
... Removed 27 stack frames]]>
    </failure>
  </testcase> <!-- PayCreditCardPayUtteranceBase -->
  <testcase name="PayCreditCardPayUtteranceBase" time="34.265" classname="testcases.paycreditcard.TC39PayCreditCardPayUtteranceBase">
    <failure type="java.lang.RuntimeException" message="FAILED">
      <![CDATA[java.lang.RuntimeException: FAILED
at utils.Reporter.reportStep(Reporter.java:29)
at wrappers.GenericWrappers.verifyTextByXpath(GenericWrappers.java:474)
at pages.PayCreditCardPage.VerifyClientResponseMessage(PayCreditCardPage.java:90)
at testcases.paycreditcard.TC39PayCreditCardPayUtteranceBase.PayCreditCardPayUtteranceBase(TC39PayCreditCardPayUtteranceBase.java:44)
at java.util.ArrayList.forEach(Unknown Source)
... Removed 27 stack frames]]>
    </failure>
  </testcase> <!-- PayCreditCardPayUtteranceBase -->
  <testcase name="PayCreditCardPayUtteranceBase" time="21.26" classname="testcases.paycreditcard.TC40PayCreditCardPayUtteranceBase">
    <failure type="java.lang.RuntimeException" message="FAILED">
      <![CDATA[java.lang.RuntimeException: FAILED
at utils.Reporter.reportStep(Reporter.java:29)
at wrappers.GenericWrappers.enterByXpath(GenericWrappers.java:435)
at pages.PayCreditCardPage.EnterUserName(PayCreditCardPage.java:19)
at testcases.paycreditcard.TC40PayCreditCardPayUtteranceBase.PayCreditCardPayUtteranceBase(TC40PayCreditCardPayUtteranceBase.java:39)
at java.util.ArrayList.forEach(Unknown Source)
... Removed 27 stack frames]]>
    </failure>
  </testcase> <!-- PayCreditCardPayUtteranceBase -->
  <testcase name="UserNoAccount" time="27.937" classname="testcases.paycreditcard.TC41PayCreditCardPayNoAccountUserPayCreditCard">
    <failure type="java.lang.RuntimeException" message="FAILED">
      <![CDATA[java.lang.RuntimeException: FAILED
at utils.Reporter.reportStep(Reporter.java:29)
at wrappers.GenericWrappers.verifyTextByXpath(GenericWrappers.java:474)
at pages.PayCreditCardPage.verifyWelcomeUserName(PayCreditCardPage.java:52)
at testcases.paycreditcard.TC41PayCreditCardPayNoAccountUserPayCreditCard.UserNoAccount(TC41PayCreditCardPayNoAccountUserPayCreditCard.java:43)
at java.util.ArrayList.forEach(Unknown Source)
... Removed 27 stack frames]]>
    </failure>
  </testcase> <!-- UserNoAccount -->
  <testcase name="PayCreditCardPayUtteranceBase" time="45.886" classname="testcases.paycreditcard.TC42PayCreditCardPayUtteranceBase">
    <failure type="java.lang.RuntimeException" message="FAILED">
      <![CDATA[java.lang.RuntimeException: FAILED
at utils.Reporter.reportStep(Reporter.java:29)
at wrappers.GenericWrappers.verifyTextByXpath(GenericWrappers.java:474)
at pages.PayCreditCardPage.VerifyClientResponseMessage(PayCreditCardPage.java:90)
at testcases.paycreditcard.TC42PayCreditCardPayUtteranceBase.PayCreditCardPayUtteranceBase(TC42PayCreditCardPayUtteranceBase.java:44)
at java.util.ArrayList.forEach(Unknown Source)
... Removed 27 stack frames]]>
    </failure>
  </testcase> <!-- PayCreditCardPayUtteranceBase -->
  <testcase name="PayCreditCardPayUtteranceBase" time="37.706" classname="testcases.paycreditcard.TC43PayCreditCardPayUtteranceBase2"/>
  <testcase name="PayCreditCardPayUtteranceBase" time="23.925" classname="testcases.paycreditcard.TC44PayCreditCardPayUtteranceBase3">
    <failure type="java.lang.RuntimeException" message="FAILED">
      <![CDATA[java.lang.RuntimeException: FAILED
at utils.Reporter.reportStep(Reporter.java:29)
at wrappers.GenericWrappers.verifyTextByXpath(GenericWrappers.java:474)
at pages.PayCreditCardPage.verifyWelcomeUserName(PayCreditCardPage.java:52)
at testcases.paycreditcard.TC44PayCreditCardPayUtteranceBase3.PayCreditCardPayUtteranceBase(TC44PayCreditCardPayUtteranceBase3.java:42)
at java.util.ArrayList.forEach(Unknown Source)
... Removed 27 stack frames]]>
    </failure>
  </testcase> <!-- PayCreditCardPayUtteranceBase -->
  <testcase name="PayPlatinumRewards" time="49.844" classname="testcases.paycreditcard.TC45PayCreditCardName"/>
  <testcase name="PayUltimateCard" time="23.65" classname="testcases.paycreditcard.TC45PayCreditCardName">
    <failure type="java.lang.RuntimeException" message="FAILED">
      <![CDATA[java.lang.RuntimeException: FAILED
at utils.Reporter.reportStep(Reporter.java:29)
at wrappers.GenericWrappers.verifyTextByXpath(GenericWrappers.java:474)
at pages.PayCreditCardPage.verifyWelcomeUserName(PayCreditCardPage.java:52)
at testcases.paycreditcard.TC45PayCreditCardName.PayUltimateCard(TC45PayCreditCardName.java:42)
at java.util.ArrayList.forEach(Unknown Source)
... Removed 27 stack frames]]>
    </failure>
  </testcase> <!-- PayUltimateCard -->
  <testcase name="PayCreditCardPayUtteranceBase" time="50.62" classname="testcases.paycreditcard.TC46PayOtherAmount"/>
  <testcase name="PayCreditCardPayUtteranceBase" time="39.982" classname="testcases.paycreditcard.TC47PayPlatinumRewardsfromSavingsAccount"/>
  <testcase name="PayCreditCardPayUtteranceBase" time="31.717" classname="testcases.paycreditcard.TC48PayCreditCardPayFullUtterance"/>
  <testcase name="UserNoAccount" time="23.721" classname="testcases.paycreditcard.TC50PayCreditCardPayNoCreditCardUser">
    <failure type="java.lang.RuntimeException" message="FAILED">
      <![CDATA[java.lang.RuntimeException: FAILED
at utils.Reporter.reportStep(Reporter.java:29)
at wrappers.GenericWrappers.verifyTextByXpath(GenericWrappers.java:474)
at pages.PayCreditCardPage.verifyWelcomeUserName(PayCreditCardPage.java:52)
at testcases.paycreditcard.TC50PayCreditCardPayNoCreditCardUser.UserNoAccount(TC50PayCreditCardPayNoCreditCardUser.java:43)
at java.util.ArrayList.forEach(Unknown Source)
... Removed 27 stack frames]]>
    </failure>
  </testcase> <!-- UserNoAccount -->
  <testcase name="UserNoAccount" time="23.819" classname="testcases.paycreditcard.TC51PayCreditCardPayNoAccountUser">
    <failure type="java.lang.RuntimeException" message="FAILED">
      <![CDATA[java.lang.RuntimeException: FAILED
at utils.Reporter.reportStep(Reporter.java:29)
at wrappers.GenericWrappers.verifyTextByXpath(GenericWrappers.java:474)
at pages.PayCreditCardPage.verifyWelcomeUserName(PayCreditCardPage.java:52)
at testcases.paycreditcard.TC51PayCreditCardPayNoAccountUser.UserNoAccount(TC51PayCreditCardPayNoAccountUser.java:43)
at java.util.ArrayList.forEach(Unknown Source)
... Removed 27 stack frames]]>
    </failure>
  </testcase> <!-- UserNoAccount -->
  <testcase name="UsertoClickOnOtherAmount" time="55.76" classname="testcases.paycreditcard.TC52PayCreditCardPayClickOnOtherAmount"/>
  <testcase name="UsertoClickOnOtherAmount" time="58.037" classname="testcases.paycreditcard.TC53PayCreditCardPayEnteredtheAmount"/>
  <testcase name="OtherAmountvalidation" time="56.516" classname="testcases.paycreditcard.TC54PayCreditCardPayEnteredtheWrongAmount"/>
  <testcase name="OtherAmountvalidation" time="23.899" classname="testcases.paycreditcard.TC55PayCreditCardPayEnteredtheAmountDecimalCheck">
    <failure type="java.lang.RuntimeException" message="FAILED">
      <![CDATA[java.lang.RuntimeException: FAILED
at utils.Reporter.reportStep(Reporter.java:29)
at wrappers.GenericWrappers.verifyTextByXpath(GenericWrappers.java:474)
at pages.PayCreditCardPage.verifyWelcomeUserName(PayCreditCardPage.java:52)
at testcases.paycreditcard.TC55PayCreditCardPayEnteredtheAmountDecimalCheck.OtherAmountvalidation(TC55PayCreditCardPayEnteredtheAmountDecimalCheck.java:43)
at java.util.ArrayList.forEach(Unknown Source)
... Removed 27 stack frames]]>
    </failure>
  </testcase> <!-- OtherAmountvalidation -->
  <testcase name="OtherAmountvalidation" time="56.818" classname="testcases.paycreditcard.TC56PayCreditCardPayEnteredtheWrongAmount"/>
  <testcase name="OtherAmountvalidation" time="24.681" classname="testcases.paycreditcard.TC57PayCreditCardPayEnteredtheWrongAmountTwice">
    <failure type="java.lang.RuntimeException" message="FAILED">
      <![CDATA[java.lang.RuntimeException: FAILED
at utils.Reporter.reportStep(Reporter.java:29)
at wrappers.GenericWrappers.verifyTextByXpath(GenericWrappers.java:474)
at pages.PayCreditCardPage.verifyWelcomeUserName(PayCreditCardPage.java:52)
at testcases.paycreditcard.TC57PayCreditCardPayEnteredtheWrongAmountTwice.OtherAmountvalidation(TC57PayCreditCardPayEnteredtheWrongAmountTwice.java:43)
at java.util.ArrayList.forEach(Unknown Source)
... Removed 27 stack frames]]>
    </failure>
  </testcase> <!-- OtherAmountvalidation -->
  <testcase name="@BeforeTest beforeTest" time="0.0" classname="wrappers.ProjectWrappers">
    <ignored/>
  </testcase> <!-- @BeforeTest beforeTest -->
  <testcase name="@BeforeTest beforeTest" time="0.0" classname="wrappers.ProjectWrappers">
    <ignored/>
  </testcase> <!-- @BeforeTest beforeTest -->
  <testcase name="@BeforeTest beforeTest" time="0.0" classname="wrappers.ProjectWrappers">
    <ignored/>
  </testcase> <!-- @BeforeTest beforeTest -->
  <testcase name="@BeforeTest beforeTest" time="0.0" classname="wrappers.ProjectWrappers">
    <ignored/>
  </testcase> <!-- @BeforeTest beforeTest -->
  <testcase name="@BeforeTest beforeTest" time="0.0" classname="wrappers.ProjectWrappers">
    <ignored/>
  </testcase> <!-- @BeforeTest beforeTest -->
  <testcase name="@BeforeTest beforeTest" time="0.0" classname="wrappers.ProjectWrappers">
    <ignored/>
  </testcase> <!-- @BeforeTest beforeTest -->
  <testcase name="@BeforeTest beforeTest" time="0.0" classname="wrappers.ProjectWrappers">
    <ignored/>
  </testcase> <!-- @BeforeTest beforeTest -->
  <testcase name="@BeforeTest beforeTest" time="0.0" classname="wrappers.ProjectWrappers">
    <ignored/>
  </testcase> <!-- @BeforeTest beforeTest -->
  <testcase name="@BeforeTest beforeTest" time="0.0" classname="wrappers.ProjectWrappers">
    <ignored/>
  </testcase> <!-- @BeforeTest beforeTest -->
  <testcase name="@BeforeTest beforeTest" time="0.0" classname="wrappers.ProjectWrappers">
    <ignored/>
  </testcase> <!-- @BeforeTest beforeTest -->
  <testcase name="@BeforeTest beforeTest" time="0.0" classname="wrappers.ProjectWrappers">
    <ignored/>
  </testcase> <!-- @BeforeTest beforeTest -->
  <testcase name="@BeforeTest beforeTest" time="0.0" classname="wrappers.ProjectWrappers">
    <ignored/>
  </testcase> <!-- @BeforeTest beforeTest -->
  <testcase name="@BeforeTest beforeTest" time="0.0" classname="wrappers.ProjectWrappers">
    <ignored/>
  </testcase> <!-- @BeforeTest beforeTest -->
  <testcase name="@BeforeTest beforeTest" time="0.0" classname="wrappers.ProjectWrappers">
    <ignored/>
  </testcase> <!-- @BeforeTest beforeTest -->
  <testcase name="@BeforeTest beforeTest" time="0.0" classname="wrappers.ProjectWrappers">
    <ignored/>
  </testcase> <!-- @BeforeTest beforeTest -->
  <testcase name="@BeforeTest beforeTest" time="0.0" classname="wrappers.ProjectWrappers">
    <ignored/>
  </testcase> <!-- @BeforeTest beforeTest -->
  <testcase name="@BeforeTest beforeTest" time="0.0" classname="wrappers.ProjectWrappers">
    <ignored/>
  </testcase> <!-- @BeforeTest beforeTest -->
  <testcase name="@BeforeTest beforeTest" time="0.0" classname="wrappers.ProjectWrappers">
    <ignored/>
  </testcase> <!-- @BeforeTest beforeTest -->
  <testcase name="@BeforeTest beforeTest" time="0.0" classname="wrappers.ProjectWrappers">
    <ignored/>
  </testcase> <!-- @BeforeTest beforeTest -->
  <testcase name="@BeforeTest beforeTest" time="0.0" classname="wrappers.ProjectWrappers">
    <ignored/>
  </testcase> <!-- @BeforeTest beforeTest -->
  <testcase name="@BeforeTest beforeTest" time="0.0" classname="wrappers.ProjectWrappers">
    <ignored/>
  </testcase> <!-- @BeforeTest beforeTest -->
  <testcase name="@BeforeTest beforeTest" time="0.0" classname="wrappers.ProjectWrappers">
    <ignored/>
  </testcase> <!-- @BeforeTest beforeTest -->
  <testcase name="@BeforeTest beforeTest" time="0.0" classname="wrappers.ProjectWrappers">
    <ignored/>
  </testcase> <!-- @BeforeTest beforeTest -->
  <testcase name="@BeforeTest beforeTest" time="0.0" classname="wrappers.ProjectWrappers">
    <ignored/>
  </testcase> <!-- @BeforeTest beforeTest -->
  <testcase name="@BeforeTest beforeTest" time="0.0" classname="wrappers.ProjectWrappers">
    <ignored/>
  </testcase> <!-- @BeforeTest beforeTest -->
  <testcase name="@BeforeTest beforeTest" time="0.0" classname="wrappers.ProjectWrappers">
    <ignored/>
  </testcase> <!-- @BeforeTest beforeTest -->
  <testcase name="@BeforeTest beforeTest" time="0.0" classname="wrappers.ProjectWrappers">
    <ignored/>
  </testcase> <!-- @BeforeTest beforeTest -->
  <testcase name="@BeforeTest beforeTest" time="0.0" classname="wrappers.ProjectWrappers">
    <ignored/>
  </testcase> <!-- @BeforeTest beforeTest -->
  <testcase name="@BeforeTest beforeTest" time="0.0" classname="wrappers.ProjectWrappers">
    <ignored/>
  </testcase> <!-- @BeforeTest beforeTest -->
  <testcase name="@BeforeTest beforeTest" time="0.0" classname="wrappers.ProjectWrappers">
    <ignored/>
  </testcase> <!-- @BeforeTest beforeTest -->
  <testcase name="@BeforeTest beforeTest" time="0.0" classname="wrappers.ProjectWrappers">
    <ignored/>
  </testcase> <!-- @BeforeTest beforeTest -->
  <testcase name="@BeforeTest beforeTest" time="0.0" classname="wrappers.ProjectWrappers">
    <ignored/>
  </testcase> <!-- @BeforeTest beforeTest -->
  <testcase name="@BeforeTest beforeTest" time="0.0" classname="wrappers.ProjectWrappers">
    <ignored/>
  </testcase> <!-- @BeforeTest beforeTest -->
  <testcase name="@BeforeTest beforeTest" time="0.0" classname="wrappers.ProjectWrappers">
    <ignored/>
  </testcase> <!-- @BeforeTest beforeTest -->
  <testcase name="@BeforeTest beforeTest" time="0.0" classname="wrappers.ProjectWrappers">
    <ignored/>
  </testcase> <!-- @BeforeTest beforeTest -->
  <testcase name="@BeforeTest beforeTest" time="0.0" classname="wrappers.ProjectWrappers">
    <ignored/>
  </testcase> <!-- @BeforeTest beforeTest -->
  <testcase name="@BeforeTest beforeTest" time="0.0" classname="wrappers.ProjectWrappers">
    <ignored/>
  </testcase> <!-- @BeforeTest beforeTest -->
  <testcase name="@BeforeTest beforeTest" time="0.0" classname="wrappers.ProjectWrappers">
    <ignored/>
  </testcase> <!-- @BeforeTest beforeTest -->
  <testcase name="@BeforeTest beforeTest" time="0.0" classname="wrappers.ProjectWrappers">
    <ignored/>
  </testcase> <!-- @BeforeTest beforeTest -->
  <testcase name="@BeforeTest beforeTest" time="0.0" classname="wrappers.ProjectWrappers">
    <ignored/>
  </testcase> <!-- @BeforeTest beforeTest -->
  <testcase name="@BeforeTest beforeTest" time="0.0" classname="wrappers.ProjectWrappers">
    <ignored/>
  </testcase> <!-- @BeforeTest beforeTest -->
  <testcase name="@BeforeTest beforeTest" time="0.0" classname="wrappers.ProjectWrappers">
    <ignored/>
  </testcase> <!-- @BeforeTest beforeTest -->
  <testcase name="@BeforeTest beforeTest" time="0.0" classname="wrappers.ProjectWrappers">
    <ignored/>
  </testcase> <!-- @BeforeTest beforeTest -->
  <testcase name="@BeforeTest beforeTest" time="0.0" classname="wrappers.ProjectWrappers">
    <ignored/>
  </testcase> <!-- @BeforeTest beforeTest -->
  <testcase name="@BeforeTest beforeTest" time="0.0" classname="wrappers.ProjectWrappers">
    <ignored/>
  </testcase> <!-- @BeforeTest beforeTest -->
  <testcase name="@BeforeTest beforeTest" time="0.0" classname="wrappers.ProjectWrappers">
    <ignored/>
  </testcase> <!-- @BeforeTest beforeTest -->
  <testcase name="@BeforeTest beforeTest" time="0.0" classname="wrappers.ProjectWrappers">
    <ignored/>
  </testcase> <!-- @BeforeTest beforeTest -->
  <testcase name="@BeforeTest beforeTest" time="0.0" classname="wrappers.ProjectWrappers">
    <ignored/>
  </testcase> <!-- @BeforeTest beforeTest -->
  <testcase name="@BeforeTest beforeTest" time="0.0" classname="wrappers.ProjectWrappers">
    <ignored/>
  </testcase> <!-- @BeforeTest beforeTest -->
  <testcase name="@BeforeTest beforeTest" time="0.0" classname="wrappers.ProjectWrappers">
    <ignored/>
  </testcase> <!-- @BeforeTest beforeTest -->
  <testcase name="@BeforeTest beforeTest" time="0.0" classname="wrappers.ProjectWrappers">
    <ignored/>
  </testcase> <!-- @BeforeTest beforeTest -->
  <testcase name="@BeforeTest beforeTest" time="0.0" classname="wrappers.ProjectWrappers">
    <ignored/>
  </testcase> <!-- @BeforeTest beforeTest -->
  <testcase name="@BeforeTest beforeTest" time="0.0" classname="wrappers.ProjectWrappers">
    <ignored/>
  </testcase> <!-- @BeforeTest beforeTest -->
  <testcase name="@BeforeTest beforeTest" time="0.0" classname="wrappers.ProjectWrappers">
    <ignored/>
  </testcase> <!-- @BeforeTest beforeTest -->
  <testcase name="@AfterTest afterTest" time="0.0" classname="wrappers.ProjectWrappers">
    <ignored/>
  </testcase> <!-- @AfterTest afterTest -->
  <testcase name="@AfterTest afterTest" time="0.0" classname="wrappers.ProjectWrappers">
    <ignored/>
  </testcase> <!-- @AfterTest afterTest -->
  <testcase name="@AfterTest afterTest" time="0.0" classname="wrappers.ProjectWrappers">
    <ignored/>
  </testcase> <!-- @AfterTest afterTest -->
  <testcase name="@AfterTest afterTest" time="0.0" classname="wrappers.ProjectWrappers">
    <ignored/>
  </testcase> <!-- @AfterTest afterTest -->
  <testcase name="@AfterTest afterTest" time="0.0" classname="wrappers.ProjectWrappers">
    <ignored/>
  </testcase> <!-- @AfterTest afterTest -->
  <testcase name="@AfterTest afterTest" time="0.0" classname="wrappers.ProjectWrappers">
    <ignored/>
  </testcase> <!-- @AfterTest afterTest -->
  <testcase name="@AfterTest afterTest" time="0.0" classname="wrappers.ProjectWrappers">
    <ignored/>
  </testcase> <!-- @AfterTest afterTest -->
  <testcase name="@AfterTest afterTest" time="0.0" classname="wrappers.ProjectWrappers">
    <ignored/>
  </testcase> <!-- @AfterTest afterTest -->
  <testcase name="@AfterTest afterTest" time="0.0" classname="wrappers.ProjectWrappers">
    <ignored/>
  </testcase> <!-- @AfterTest afterTest -->
  <testcase name="@AfterTest afterTest" time="0.0" classname="wrappers.ProjectWrappers">
    <ignored/>
  </testcase> <!-- @AfterTest afterTest -->
  <testcase name="@AfterTest afterTest" time="0.0" classname="wrappers.ProjectWrappers">
    <ignored/>
  </testcase> <!-- @AfterTest afterTest -->
  <testcase name="@AfterTest afterTest" time="0.0" classname="wrappers.ProjectWrappers">
    <ignored/>
  </testcase> <!-- @AfterTest afterTest -->
  <testcase name="@AfterTest afterTest" time="0.0" classname="wrappers.ProjectWrappers">
    <ignored/>
  </testcase> <!-- @AfterTest afterTest -->
  <testcase name="@AfterTest afterTest" time="0.0" classname="wrappers.ProjectWrappers">
    <ignored/>
  </testcase> <!-- @AfterTest afterTest -->
  <testcase name="@AfterTest afterTest" time="0.0" classname="wrappers.ProjectWrappers">
    <ignored/>
  </testcase> <!-- @AfterTest afterTest -->
  <testcase name="@AfterTest afterTest" time="0.0" classname="wrappers.ProjectWrappers">
    <ignored/>
  </testcase> <!-- @AfterTest afterTest -->
  <testcase name="@AfterTest afterTest" time="0.0" classname="wrappers.ProjectWrappers">
    <ignored/>
  </testcase> <!-- @AfterTest afterTest -->
  <testcase name="@AfterTest afterTest" time="0.0" classname="wrappers.ProjectWrappers">
    <ignored/>
  </testcase> <!-- @AfterTest afterTest -->
  <testcase name="@AfterTest afterTest" time="0.0" classname="wrappers.ProjectWrappers">
    <ignored/>
  </testcase> <!-- @AfterTest afterTest -->
  <testcase name="@AfterTest afterTest" time="0.0" classname="wrappers.ProjectWrappers">
    <ignored/>
  </testcase> <!-- @AfterTest afterTest -->
  <testcase name="@AfterTest afterTest" time="0.0" classname="wrappers.ProjectWrappers">
    <ignored/>
  </testcase> <!-- @AfterTest afterTest -->
  <testcase name="@AfterTest afterTest" time="0.0" classname="wrappers.ProjectWrappers">
    <ignored/>
  </testcase> <!-- @AfterTest afterTest -->
  <testcase name="@AfterTest afterTest" time="0.0" classname="wrappers.ProjectWrappers">
    <ignored/>
  </testcase> <!-- @AfterTest afterTest -->
  <testcase name="@AfterTest afterTest" time="0.0" classname="wrappers.ProjectWrappers">
    <ignored/>
  </testcase> <!-- @AfterTest afterTest -->
  <testcase name="@AfterTest afterTest" time="0.0" classname="wrappers.ProjectWrappers">
    <ignored/>
  </testcase> <!-- @AfterTest afterTest -->
  <testcase name="@AfterTest afterTest" time="0.0" classname="wrappers.ProjectWrappers">
    <ignored/>
  </testcase> <!-- @AfterTest afterTest -->
  <testcase name="@AfterTest afterTest" time="0.0" classname="wrappers.ProjectWrappers">
    <ignored/>
  </testcase> <!-- @AfterTest afterTest -->
  <testcase name="@AfterTest afterTest" time="0.0" classname="wrappers.ProjectWrappers">
    <ignored/>
  </testcase> <!-- @AfterTest afterTest -->
  <testcase name="@AfterTest afterTest" time="0.0" classname="wrappers.ProjectWrappers">
    <ignored/>
  </testcase> <!-- @AfterTest afterTest -->
  <testcase name="@AfterTest afterTest" time="0.0" classname="wrappers.ProjectWrappers">
    <ignored/>
  </testcase> <!-- @AfterTest afterTest -->
  <testcase name="@AfterTest afterTest" time="0.0" classname="wrappers.ProjectWrappers">
    <ignored/>
  </testcase> <!-- @AfterTest afterTest -->
  <testcase name="@AfterTest afterTest" time="0.0" classname="wrappers.ProjectWrappers">
    <ignored/>
  </testcase> <!-- @AfterTest afterTest -->
  <testcase name="@AfterTest afterTest" time="0.0" classname="wrappers.ProjectWrappers">
    <ignored/>
  </testcase> <!-- @AfterTest afterTest -->
  <testcase name="@AfterTest afterTest" time="0.0" classname="wrappers.ProjectWrappers">
    <ignored/>
  </testcase> <!-- @AfterTest afterTest -->
  <testcase name="@AfterTest afterTest" time="0.0" classname="wrappers.ProjectWrappers">
    <ignored/>
  </testcase> <!-- @AfterTest afterTest -->
  <testcase name="@AfterTest afterTest" time="0.0" classname="wrappers.ProjectWrappers">
    <ignored/>
  </testcase> <!-- @AfterTest afterTest -->
  <testcase name="@AfterTest afterTest" time="0.0" classname="wrappers.ProjectWrappers">
    <ignored/>
  </testcase> <!-- @AfterTest afterTest -->
  <testcase name="@AfterTest afterTest" time="0.0" classname="wrappers.ProjectWrappers">
    <ignored/>
  </testcase> <!-- @AfterTest afterTest -->
  <testcase name="@AfterTest afterTest" time="0.0" classname="wrappers.ProjectWrappers">
    <ignored/>
  </testcase> <!-- @AfterTest afterTest -->
  <testcase name="@AfterTest afterTest" time="0.0" classname="wrappers.ProjectWrappers">
    <ignored/>
  </testcase> <!-- @AfterTest afterTest -->
  <testcase name="@AfterTest afterTest" time="0.0" classname="wrappers.ProjectWrappers">
    <ignored/>
  </testcase> <!-- @AfterTest afterTest -->
  <testcase name="@AfterTest afterTest" time="0.0" classname="wrappers.ProjectWrappers">
    <ignored/>
  </testcase> <!-- @AfterTest afterTest -->
  <testcase name="@AfterTest afterTest" time="0.0" classname="wrappers.ProjectWrappers">
    <ignored/>
  </testcase> <!-- @AfterTest afterTest -->
  <testcase name="@AfterTest afterTest" time="0.0" classname="wrappers.ProjectWrappers">
    <ignored/>
  </testcase> <!-- @AfterTest afterTest -->
  <testcase name="@AfterTest afterTest" time="0.0" classname="wrappers.ProjectWrappers">
    <ignored/>
  </testcase> <!-- @AfterTest afterTest -->
  <testcase name="@AfterTest afterTest" time="0.0" classname="wrappers.ProjectWrappers">
    <ignored/>
  </testcase> <!-- @AfterTest afterTest -->
  <testcase name="@AfterTest afterTest" time="0.0" classname="wrappers.ProjectWrappers">
    <ignored/>
  </testcase> <!-- @AfterTest afterTest -->
  <testcase name="@AfterTest afterTest" time="0.0" classname="wrappers.ProjectWrappers">
    <ignored/>
  </testcase> <!-- @AfterTest afterTest -->
  <testcase name="@AfterTest afterTest" time="0.0" classname="wrappers.ProjectWrappers">
    <ignored/>
  </testcase> <!-- @AfterTest afterTest -->
  <testcase name="@AfterTest afterTest" time="0.0" classname="wrappers.ProjectWrappers">
    <ignored/>
  </testcase> <!-- @AfterTest afterTest -->
  <testcase name="@AfterTest afterTest" time="0.0" classname="wrappers.ProjectWrappers">
    <ignored/>
  </testcase> <!-- @AfterTest afterTest -->
  <testcase name="@AfterTest afterTest" time="0.0" classname="wrappers.ProjectWrappers">
    <ignored/>
  </testcase> <!-- @AfterTest afterTest -->
  <testcase name="@AfterTest afterTest" time="0.0" classname="wrappers.ProjectWrappers">
    <ignored/>
  </testcase> <!-- @AfterTest afterTest -->
  <testcase name="@AfterTest afterTest" time="0.0" classname="wrappers.ProjectWrappers">
    <ignored/>
  </testcase> <!-- @AfterTest afterTest -->
  <testcase name="@AfterSuite afterSuite" time="0.0" classname="wrappers.ProjectWrappers">
    <ignored/>
  </testcase> <!-- @AfterSuite afterSuite -->
  <testcase name="@AfterSuite afterSuite" time="0.0" classname="wrappers.ProjectWrappers">
    <ignored/>
  </testcase> <!-- @AfterSuite afterSuite -->
  <testcase name="@AfterSuite afterSuite" time="0.0" classname="wrappers.ProjectWrappers">
    <ignored/>
  </testcase> <!-- @AfterSuite afterSuite -->
  <testcase name="@AfterSuite afterSuite" time="0.0" classname="wrappers.ProjectWrappers">
    <ignored/>
  </testcase> <!-- @AfterSuite afterSuite -->
  <testcase name="@AfterSuite afterSuite" time="0.0" classname="wrappers.ProjectWrappers">
    <ignored/>
  </testcase> <!-- @AfterSuite afterSuite -->
  <testcase name="@AfterSuite afterSuite" time="0.0" classname="wrappers.ProjectWrappers">
    <ignored/>
  </testcase> <!-- @AfterSuite afterSuite -->
  <testcase name="@AfterSuite afterSuite" time="0.0" classname="wrappers.ProjectWrappers">
    <ignored/>
  </testcase> <!-- @AfterSuite afterSuite -->
  <testcase name="@AfterSuite afterSuite" time="0.0" classname="wrappers.ProjectWrappers">
    <ignored/>
  </testcase> <!-- @AfterSuite afterSuite -->
  <testcase name="@AfterSuite afterSuite" time="0.0" classname="wrappers.ProjectWrappers">
    <ignored/>
  </testcase> <!-- @AfterSuite afterSuite -->
  <testcase name="@AfterSuite afterSuite" time="0.0" classname="wrappers.ProjectWrappers">
    <ignored/>
  </testcase> <!-- @AfterSuite afterSuite -->
  <testcase name="@AfterSuite afterSuite" time="0.0" classname="wrappers.ProjectWrappers">
    <ignored/>
  </testcase> <!-- @AfterSuite afterSuite -->
  <testcase name="@AfterSuite afterSuite" time="0.0" classname="wrappers.ProjectWrappers">
    <ignored/>
  </testcase> <!-- @AfterSuite afterSuite -->
  <testcase name="@AfterSuite afterSuite" time="0.0" classname="wrappers.ProjectWrappers">
    <ignored/>
  </testcase> <!-- @AfterSuite afterSuite -->
  <testcase name="@AfterSuite afterSuite" time="0.0" classname="wrappers.ProjectWrappers">
    <ignored/>
  </testcase> <!-- @AfterSuite afterSuite -->
  <testcase name="@AfterSuite afterSuite" time="0.0" classname="wrappers.ProjectWrappers">
    <ignored/>
  </testcase> <!-- @AfterSuite afterSuite -->
  <testcase name="@AfterSuite afterSuite" time="0.0" classname="wrappers.ProjectWrappers">
    <ignored/>
  </testcase> <!-- @AfterSuite afterSuite -->
  <testcase name="@AfterSuite afterSuite" time="0.0" classname="wrappers.ProjectWrappers">
    <ignored/>
  </testcase> <!-- @AfterSuite afterSuite -->
  <testcase name="@AfterSuite afterSuite" time="0.0" classname="wrappers.ProjectWrappers">
    <ignored/>
  </testcase> <!-- @AfterSuite afterSuite -->
  <testcase name="@AfterSuite afterSuite" time="0.0" classname="wrappers.ProjectWrappers">
    <ignored/>
  </testcase> <!-- @AfterSuite afterSuite -->
  <testcase name="@AfterSuite afterSuite" time="0.0" classname="wrappers.ProjectWrappers">
    <ignored/>
  </testcase> <!-- @AfterSuite afterSuite -->
  <testcase name="@AfterSuite afterSuite" time="0.0" classname="wrappers.ProjectWrappers">
    <ignored/>
  </testcase> <!-- @AfterSuite afterSuite -->
  <testcase name="@AfterSuite afterSuite" time="0.0" classname="wrappers.ProjectWrappers">
    <ignored/>
  </testcase> <!-- @AfterSuite afterSuite -->
  <testcase name="@AfterSuite afterSuite" time="0.0" classname="wrappers.ProjectWrappers">
    <ignored/>
  </testcase> <!-- @AfterSuite afterSuite -->
  <testcase name="@AfterSuite afterSuite" time="0.0" classname="wrappers.ProjectWrappers">
    <ignored/>
  </testcase> <!-- @AfterSuite afterSuite -->
  <testcase name="@AfterSuite afterSuite" time="0.0" classname="wrappers.ProjectWrappers">
    <ignored/>
  </testcase> <!-- @AfterSuite afterSuite -->
  <testcase name="@AfterSuite afterSuite" time="0.0" classname="wrappers.ProjectWrappers">
    <ignored/>
  </testcase> <!-- @AfterSuite afterSuite -->
  <testcase name="@AfterSuite afterSuite" time="0.0" classname="wrappers.ProjectWrappers">
    <ignored/>
  </testcase> <!-- @AfterSuite afterSuite -->
  <testcase name="@AfterSuite afterSuite" time="0.0" classname="wrappers.ProjectWrappers">
    <ignored/>
  </testcase> <!-- @AfterSuite afterSuite -->
  <testcase name="@AfterSuite afterSuite" time="0.0" classname="wrappers.ProjectWrappers">
    <ignored/>
  </testcase> <!-- @AfterSuite afterSuite -->
  <testcase name="@AfterSuite afterSuite" time="0.0" classname="wrappers.ProjectWrappers">
    <ignored/>
  </testcase> <!-- @AfterSuite afterSuite -->
  <testcase name="@AfterSuite afterSuite" time="0.0" classname="wrappers.ProjectWrappers">
    <ignored/>
  </testcase> <!-- @AfterSuite afterSuite -->
  <testcase name="@AfterSuite afterSuite" time="0.0" classname="wrappers.ProjectWrappers">
    <ignored/>
  </testcase> <!-- @AfterSuite afterSuite -->
  <testcase name="@AfterSuite afterSuite" time="0.0" classname="wrappers.ProjectWrappers">
    <ignored/>
  </testcase> <!-- @AfterSuite afterSuite -->
  <testcase name="@AfterSuite afterSuite" time="0.0" classname="wrappers.ProjectWrappers">
    <ignored/>
  </testcase> <!-- @AfterSuite afterSuite -->
  <testcase name="@AfterSuite afterSuite" time="0.0" classname="wrappers.ProjectWrappers">
    <ignored/>
  </testcase> <!-- @AfterSuite afterSuite -->
  <testcase name="@AfterSuite afterSuite" time="0.0" classname="wrappers.ProjectWrappers">
    <ignored/>
  </testcase> <!-- @AfterSuite afterSuite -->
  <testcase name="@AfterSuite afterSuite" time="0.0" classname="wrappers.ProjectWrappers">
    <ignored/>
  </testcase> <!-- @AfterSuite afterSuite -->
  <testcase name="@AfterSuite afterSuite" time="0.0" classname="wrappers.ProjectWrappers">
    <ignored/>
  </testcase> <!-- @AfterSuite afterSuite -->
  <testcase name="@AfterSuite afterSuite" time="0.0" classname="wrappers.ProjectWrappers">
    <ignored/>
  </testcase> <!-- @AfterSuite afterSuite -->
  <testcase name="@AfterSuite afterSuite" time="0.0" classname="wrappers.ProjectWrappers">
    <ignored/>
  </testcase> <!-- @AfterSuite afterSuite -->
  <testcase name="@AfterSuite afterSuite" time="0.0" classname="wrappers.ProjectWrappers">
    <ignored/>
  </testcase> <!-- @AfterSuite afterSuite -->
  <testcase name="@AfterSuite afterSuite" time="0.0" classname="wrappers.ProjectWrappers">
    <ignored/>
  </testcase> <!-- @AfterSuite afterSuite -->
  <testcase name="@AfterSuite afterSuite" time="0.0" classname="wrappers.ProjectWrappers">
    <ignored/>
  </testcase> <!-- @AfterSuite afterSuite -->
  <testcase name="@AfterSuite afterSuite" time="0.0" classname="wrappers.ProjectWrappers">
    <ignored/>
  </testcase> <!-- @AfterSuite afterSuite -->
  <testcase name="@AfterSuite afterSuite" time="0.0" classname="wrappers.ProjectWrappers">
    <ignored/>
  </testcase> <!-- @AfterSuite afterSuite -->
  <testcase name="@AfterSuite afterSuite" time="0.0" classname="wrappers.ProjectWrappers">
    <ignored/>
  </testcase> <!-- @AfterSuite afterSuite -->
  <testcase name="@AfterSuite afterSuite" time="0.0" classname="wrappers.ProjectWrappers">
    <ignored/>
  </testcase> <!-- @AfterSuite afterSuite -->
  <testcase name="@AfterSuite afterSuite" time="0.0" classname="wrappers.ProjectWrappers">
    <ignored/>
  </testcase> <!-- @AfterSuite afterSuite -->
  <testcase name="@AfterSuite afterSuite" time="0.0" classname="wrappers.ProjectWrappers">
    <ignored/>
  </testcase> <!-- @AfterSuite afterSuite -->
  <testcase name="@AfterSuite afterSuite" time="0.0" classname="wrappers.ProjectWrappers">
    <ignored/>
  </testcase> <!-- @AfterSuite afterSuite -->
  <testcase name="@AfterSuite afterSuite" time="0.0" classname="wrappers.ProjectWrappers">
    <ignored/>
  </testcase> <!-- @AfterSuite afterSuite -->
  <testcase name="@AfterSuite afterSuite" time="0.0" classname="wrappers.ProjectWrappers">
    <ignored/>
  </testcase> <!-- @AfterSuite afterSuite -->
  <testcase name="@AfterSuite afterSuite" time="0.0" classname="wrappers.ProjectWrappers">
    <ignored/>
  </testcase> <!-- @AfterSuite afterSuite -->
  <testcase name="@AfterSuite afterSuite" time="0.0" classname="wrappers.ProjectWrappers">
    <ignored/>
  </testcase> <!-- @AfterSuite afterSuite -->
  <testcase name="@BeforeSuite beforeSuite" time="0.0" classname="wrappers.ProjectWrappers">
    <ignored/>
  </testcase> <!-- @BeforeSuite beforeSuite -->
  <testcase name="@BeforeSuite beforeSuite" time="0.0" classname="wrappers.ProjectWrappers">
    <ignored/>
  </testcase> <!-- @BeforeSuite beforeSuite -->
  <testcase name="@BeforeSuite beforeSuite" time="0.0" classname="wrappers.ProjectWrappers">
    <ignored/>
  </testcase> <!-- @BeforeSuite beforeSuite -->
  <testcase name="@BeforeSuite beforeSuite" time="0.0" classname="wrappers.ProjectWrappers">
    <ignored/>
  </testcase> <!-- @BeforeSuite beforeSuite -->
  <testcase name="@BeforeSuite beforeSuite" time="0.0" classname="wrappers.ProjectWrappers">
    <ignored/>
  </testcase> <!-- @BeforeSuite beforeSuite -->
  <testcase name="@BeforeSuite beforeSuite" time="0.0" classname="wrappers.ProjectWrappers">
    <ignored/>
  </testcase> <!-- @BeforeSuite beforeSuite -->
  <testcase name="@BeforeSuite beforeSuite" time="0.0" classname="wrappers.ProjectWrappers">
    <ignored/>
  </testcase> <!-- @BeforeSuite beforeSuite -->
  <testcase name="@BeforeSuite beforeSuite" time="0.0" classname="wrappers.ProjectWrappers">
    <ignored/>
  </testcase> <!-- @BeforeSuite beforeSuite -->
  <testcase name="@BeforeSuite beforeSuite" time="0.0" classname="wrappers.ProjectWrappers">
    <ignored/>
  </testcase> <!-- @BeforeSuite beforeSuite -->
  <testcase name="@BeforeSuite beforeSuite" time="0.0" classname="wrappers.ProjectWrappers">
    <ignored/>
  </testcase> <!-- @BeforeSuite beforeSuite -->
  <testcase name="@BeforeSuite beforeSuite" time="0.0" classname="wrappers.ProjectWrappers">
    <ignored/>
  </testcase> <!-- @BeforeSuite beforeSuite -->
  <testcase name="@BeforeSuite beforeSuite" time="0.0" classname="wrappers.ProjectWrappers">
    <ignored/>
  </testcase> <!-- @BeforeSuite beforeSuite -->
  <testcase name="@BeforeSuite beforeSuite" time="0.0" classname="wrappers.ProjectWrappers">
    <ignored/>
  </testcase> <!-- @BeforeSuite beforeSuite -->
  <testcase name="@BeforeSuite beforeSuite" time="0.0" classname="wrappers.ProjectWrappers">
    <ignored/>
  </testcase> <!-- @BeforeSuite beforeSuite -->
  <testcase name="@BeforeSuite beforeSuite" time="0.0" classname="wrappers.ProjectWrappers">
    <ignored/>
  </testcase> <!-- @BeforeSuite beforeSuite -->
  <testcase name="@BeforeSuite beforeSuite" time="0.0" classname="wrappers.ProjectWrappers">
    <ignored/>
  </testcase> <!-- @BeforeSuite beforeSuite -->
  <testcase name="@BeforeSuite beforeSuite" time="0.0" classname="wrappers.ProjectWrappers">
    <ignored/>
  </testcase> <!-- @BeforeSuite beforeSuite -->
  <testcase name="@BeforeSuite beforeSuite" time="0.0" classname="wrappers.ProjectWrappers">
    <ignored/>
  </testcase> <!-- @BeforeSuite beforeSuite -->
  <testcase name="@BeforeSuite beforeSuite" time="0.0" classname="wrappers.ProjectWrappers">
    <ignored/>
  </testcase> <!-- @BeforeSuite beforeSuite -->
  <testcase name="@BeforeSuite beforeSuite" time="0.0" classname="wrappers.ProjectWrappers">
    <ignored/>
  </testcase> <!-- @BeforeSuite beforeSuite -->
  <testcase name="@BeforeSuite beforeSuite" time="0.0" classname="wrappers.ProjectWrappers">
    <ignored/>
  </testcase> <!-- @BeforeSuite beforeSuite -->
  <testcase name="@BeforeSuite beforeSuite" time="0.0" classname="wrappers.ProjectWrappers">
    <ignored/>
  </testcase> <!-- @BeforeSuite beforeSuite -->
  <testcase name="@BeforeSuite beforeSuite" time="0.0" classname="wrappers.ProjectWrappers">
    <ignored/>
  </testcase> <!-- @BeforeSuite beforeSuite -->
  <testcase name="@BeforeSuite beforeSuite" time="0.0" classname="wrappers.ProjectWrappers">
    <ignored/>
  </testcase> <!-- @BeforeSuite beforeSuite -->
  <testcase name="@BeforeSuite beforeSuite" time="0.0" classname="wrappers.ProjectWrappers">
    <ignored/>
  </testcase> <!-- @BeforeSuite beforeSuite -->
  <testcase name="@BeforeSuite beforeSuite" time="0.0" classname="wrappers.ProjectWrappers">
    <ignored/>
  </testcase> <!-- @BeforeSuite beforeSuite -->
  <testcase name="@BeforeSuite beforeSuite" time="0.0" classname="wrappers.ProjectWrappers">
    <ignored/>
  </testcase> <!-- @BeforeSuite beforeSuite -->
  <testcase name="@BeforeSuite beforeSuite" time="0.0" classname="wrappers.ProjectWrappers">
    <ignored/>
  </testcase> <!-- @BeforeSuite beforeSuite -->
  <testcase name="@BeforeSuite beforeSuite" time="0.0" classname="wrappers.ProjectWrappers">
    <ignored/>
  </testcase> <!-- @BeforeSuite beforeSuite -->
  <testcase name="@BeforeSuite beforeSuite" time="0.0" classname="wrappers.ProjectWrappers">
    <ignored/>
  </testcase> <!-- @BeforeSuite beforeSuite -->
  <testcase name="@BeforeSuite beforeSuite" time="0.0" classname="wrappers.ProjectWrappers">
    <ignored/>
  </testcase> <!-- @BeforeSuite beforeSuite -->
  <testcase name="@BeforeSuite beforeSuite" time="0.0" classname="wrappers.ProjectWrappers">
    <ignored/>
  </testcase> <!-- @BeforeSuite beforeSuite -->
  <testcase name="@BeforeSuite beforeSuite" time="0.0" classname="wrappers.ProjectWrappers">
    <ignored/>
  </testcase> <!-- @BeforeSuite beforeSuite -->
  <testcase name="@BeforeSuite beforeSuite" time="0.0" classname="wrappers.ProjectWrappers">
    <ignored/>
  </testcase> <!-- @BeforeSuite beforeSuite -->
  <testcase name="@BeforeSuite beforeSuite" time="0.0" classname="wrappers.ProjectWrappers">
    <ignored/>
  </testcase> <!-- @BeforeSuite beforeSuite -->
  <testcase name="@BeforeSuite beforeSuite" time="0.0" classname="wrappers.ProjectWrappers">
    <ignored/>
  </testcase> <!-- @BeforeSuite beforeSuite -->
  <testcase name="@BeforeSuite beforeSuite" time="0.0" classname="wrappers.ProjectWrappers">
    <ignored/>
  </testcase> <!-- @BeforeSuite beforeSuite -->
  <testcase name="@BeforeSuite beforeSuite" time="0.0" classname="wrappers.ProjectWrappers">
    <ignored/>
  </testcase> <!-- @BeforeSuite beforeSuite -->
  <testcase name="@BeforeSuite beforeSuite" time="0.0" classname="wrappers.ProjectWrappers">
    <ignored/>
  </testcase> <!-- @BeforeSuite beforeSuite -->
  <testcase name="@BeforeSuite beforeSuite" time="0.0" classname="wrappers.ProjectWrappers">
    <ignored/>
  </testcase> <!-- @BeforeSuite beforeSuite -->
  <testcase name="@BeforeSuite beforeSuite" time="0.0" classname="wrappers.ProjectWrappers">
    <ignored/>
  </testcase> <!-- @BeforeSuite beforeSuite -->
  <testcase name="@BeforeSuite beforeSuite" time="0.0" classname="wrappers.ProjectWrappers">
    <ignored/>
  </testcase> <!-- @BeforeSuite beforeSuite -->
  <testcase name="@BeforeSuite beforeSuite" time="0.0" classname="wrappers.ProjectWrappers">
    <ignored/>
  </testcase> <!-- @BeforeSuite beforeSuite -->
  <testcase name="@BeforeSuite beforeSuite" time="0.0" classname="wrappers.ProjectWrappers">
    <ignored/>
  </testcase> <!-- @BeforeSuite beforeSuite -->
  <testcase name="@BeforeSuite beforeSuite" time="0.0" classname="wrappers.ProjectWrappers">
    <ignored/>
  </testcase> <!-- @BeforeSuite beforeSuite -->
  <testcase name="@BeforeSuite beforeSuite" time="0.0" classname="wrappers.ProjectWrappers">
    <ignored/>
  </testcase> <!-- @BeforeSuite beforeSuite -->
  <testcase name="@BeforeSuite beforeSuite" time="0.0" classname="wrappers.ProjectWrappers">
    <ignored/>
  </testcase> <!-- @BeforeSuite beforeSuite -->
  <testcase name="@BeforeSuite beforeSuite" time="0.0" classname="wrappers.ProjectWrappers">
    <ignored/>
  </testcase> <!-- @BeforeSuite beforeSuite -->
  <testcase name="@BeforeSuite beforeSuite" time="0.0" classname="wrappers.ProjectWrappers">
    <ignored/>
  </testcase> <!-- @BeforeSuite beforeSuite -->
  <testcase name="@BeforeSuite beforeSuite" time="0.0" classname="wrappers.ProjectWrappers">
    <ignored/>
  </testcase> <!-- @BeforeSuite beforeSuite -->
  <testcase name="@BeforeSuite beforeSuite" time="0.0" classname="wrappers.ProjectWrappers">
    <ignored/>
  </testcase> <!-- @BeforeSuite beforeSuite -->
  <testcase name="@BeforeSuite beforeSuite" time="0.0" classname="wrappers.ProjectWrappers">
    <ignored/>
  </testcase> <!-- @BeforeSuite beforeSuite -->
  <testcase name="@BeforeSuite beforeSuite" time="0.0" classname="wrappers.ProjectWrappers">
    <ignored/>
  </testcase> <!-- @BeforeSuite beforeSuite -->
  <testcase name="@BeforeSuite beforeSuite" time="0.0" classname="wrappers.ProjectWrappers">
    <ignored/>
  </testcase> <!-- @BeforeSuite beforeSuite -->
</testsuite> <!-- Vikram -->
