<?xml version="1.0" encoding="UTF-8"?>
<!-- Generated by org.testng.reporters.JUnitXMLReporter -->
<testsuite hostname="vairamuthu" ignored="0" name="Test" tests="3" failures="0" timestamp="14 Feb 2020 12:49:56 GMT" time="3.481" errors="0">
  <testcase name="getAllRequests" time="2.09" classname="lib.rest.GetIssueID"/>
  <testcase name="CreateCycle" time="0.437" classname="ZephyrandZapicalls.CreateCycle3"/>
  <testcase name="getAllRequests" time="0.938" classname="lib.rest.GetAllKeys"/>
</testsuite> <!-- Test -->
