<?xml version="1.0" encoding="UTF-8"?>
<!-- Generated by org.testng.reporters.JUnitXMLReporter -->
<testsuite hostname="vairamuthu" ignored="204" name="managecards" tests="52" failures="34" timestamp="11 Mar 2020 15:01:45 GMT" time="2081.661" errors="0">
  <testcase name="ManageCardsBlockDebitCardbyCardName" time="85.14" classname="testcases.managecards.ManageCardsusingCardNumberEndingwithUserhaveonlyoneCard">
    <failure type="java.lang.RuntimeException" message="FAILED">
      <![CDATA[java.lang.RuntimeException: FAILED
at utils.Reporter.reportStep(Reporter.java:29)
at wrappers.GenericWrappers.clickWrapper(GenericWrappers.java:376)
at wrappers.GenericWrappers.clickByXpath(GenericWrappers.java:760)
at pages.ManageCardsPage.clickConfirmButton(ManageCardsPage.java:132)
at testcases.managecards.ManageCardsusingCardNumberEndingwithUserhaveonlyoneCard.ManageCardsBlockDebitCardbyCardName(ManageCardsusingCardNumberEndingwithUserhaveonlyoneCard.java:57)
... Removed 25 stack frames]]>
    </failure>
  </testcase> <!-- ManageCardsBlockDebitCardbyCardName -->
  <testcase name="ManageCardsValidaitonMessageDisplayforUserNOThavingCardstoUnblock" time="31.912" classname="testcases.managecards.ManageCardsValidaitonMessageDisplayforUserNOThavingCardstoUnblock"/>
  <testcase name="ManageCardIconCheck" time="9.168" classname="testcases.managecards.TC01ManageCardIconCheck"/>
  <testcase name="ManageCardIconClickWithoutLogin" time="23.509" classname="testcases.managecards.TC02ManageCardIconClickWithoutLogin"/>
  <testcase name="ManageCardIconClickWithoutLogin" time="29.73" classname="testcases.managecards.TC03ManageCardsIconClickAfterLogin">
    <failure type="java.lang.RuntimeException" message="FAILED">
      <![CDATA[java.lang.RuntimeException: FAILED
at utils.Reporter.reportStep(Reporter.java:29)
at wrappers.GenericWrappers.clickWrapper(GenericWrappers.java:367)
at wrappers.GenericWrappers.clickByXpath(GenericWrappers.java:760)
at pages.ManageCardsPage.clickManageCardsLogo(ManageCardsPage.java:75)
at testcases.managecards.TC03ManageCardsIconClickAfterLogin.ManageCardIconClickWithoutLogin(TC03ManageCardsIconClickAfterLogin.java:44)
... Removed 25 stack frames]]>
    </failure>
  </testcase> <!-- ManageCardIconClickWithoutLogin -->
  <testcase name="ManageCardsUsingText" time="23.191" classname="testcases.managecards.TC04ManageCardsUsingText"/>
  <testcase name="ManageCardsBlockUnblockTypeDisplay" time="26.937" classname="testcases.managecards.TC05ManageCardsBlockTypeDisplay"/>
  <testcase name="ManageCardsClickBlockButton" time="32.261" classname="testcases.managecards.TC06ManageCardsClickBlockButton"/>
  <testcase name="ManageCardsCardSelection" time="38.506" classname="testcases.managecards.TC07ManageCardsCardSelection">
    <failure type="java.lang.RuntimeException" message="FAILED">
      <![CDATA[java.lang.RuntimeException: FAILED
at utils.Reporter.reportStep(Reporter.java:29)
at wrappers.GenericWrappers.verifyElementisPresent(GenericWrappers.java:1163)
at pages.ManageCardsPage.VerifyCardIsPresent(ManageCardsPage.java:215)
at testcases.managecards.TC07ManageCardsCardSelection.ManageCardsCardSelection(TC07ManageCardsCardSelection.java:49)
... Removed 25 stack frames]]>
    </failure>
  </testcase> <!-- ManageCardsCardSelection -->
  <testcase name="ManageCardsCardSelectionByText" time="38.243" classname="testcases.managecards.TC08ManageCardsCardSelectionByText">
    <failure type="java.lang.RuntimeException" message="FAILED">
      <![CDATA[java.lang.RuntimeException: FAILED
at utils.Reporter.reportStep(Reporter.java:29)
at wrappers.GenericWrappers.verifyElementisPresent(GenericWrappers.java:1163)
at pages.ManageCardsPage.VerifyCardIsPresent(ManageCardsPage.java:215)
at testcases.managecards.TC08ManageCardsCardSelectionByText.ManageCardsCardSelectionByText(TC08ManageCardsCardSelectionByText.java:49)
... Removed 25 stack frames]]>
    </failure>
  </testcase> <!-- ManageCardsCardSelectionByText -->
  <testcase name="ManageCardsBlockConfirmationMessage" time="38.27" classname="testcases.managecards.TC09ManageCardsBlockConfirmationMessage">
    <failure type="java.lang.RuntimeException" message="FAILED">
      <![CDATA[java.lang.RuntimeException: FAILED
at utils.Reporter.reportStep(Reporter.java:29)
at wrappers.GenericWrappers.verifyElementisPresent(GenericWrappers.java:1163)
at pages.ManageCardsPage.VerifyCardIsPresent(ManageCardsPage.java:215)
at testcases.managecards.TC09ManageCardsBlockConfirmationMessage.ManageCardsBlockConfirmationMessage(TC09ManageCardsBlockConfirmationMessage.java:49)
... Removed 25 stack frames]]>
    </failure>
  </testcase> <!-- ManageCardsBlockConfirmationMessage -->
  <testcase name="ManageCardsBlockSuccessfulMessage" time="36.815" classname="testcases.managecards.TC10ManageCardsBlockSuccessfulMessage">
    <failure type="java.lang.RuntimeException" message="FAILED">
      <![CDATA[java.lang.RuntimeException: FAILED
at utils.Reporter.reportStep(Reporter.java:29)
at wrappers.GenericWrappers.verifyElementisPresent(GenericWrappers.java:1163)
at pages.ManageCardsPage.VerifyCardIsPresent(ManageCardsPage.java:215)
at testcases.managecards.TC10ManageCardsBlockSuccessfulMessage.ManageCardsBlockSuccessfulMessage(TC10ManageCardsBlockSuccessfulMessage.java:49)
... Removed 25 stack frames]]>
    </failure>
  </testcase> <!-- ManageCardsBlockSuccessfulMessage -->
  <testcase name="ManageCardsBlockCancellationMessage" time="37.336" classname="testcases.managecards.TC11ManageCardsBlockCancellationMessage">
    <failure type="java.lang.RuntimeException" message="FAILED">
      <![CDATA[java.lang.RuntimeException: FAILED
at utils.Reporter.reportStep(Reporter.java:29)
at wrappers.GenericWrappers.verifyElementisPresent(GenericWrappers.java:1163)
at pages.ManageCardsPage.VerifyCardIsPresent(ManageCardsPage.java:215)
at testcases.managecards.TC11ManageCardsBlockCancellationMessage.ManageCardsBlockCancellationMessage(TC11ManageCardsBlockCancellationMessage.java:49)
... Removed 25 stack frames]]>
    </failure>
  </testcase> <!-- ManageCardsBlockCancellationMessage -->
  <testcase name="ManageCardsBlockSuccessfulMessage" time="36.853" classname="testcases.managecards.TC12ManageCardsIsthereanythingelseCheckinBlockSuccessfulMessage">
    <failure type="java.lang.RuntimeException" message="FAILED">
      <![CDATA[java.lang.RuntimeException: FAILED
at utils.Reporter.reportStep(Reporter.java:29)
at wrappers.GenericWrappers.verifyElementisPresent(GenericWrappers.java:1163)
at pages.ManageCardsPage.VerifyCardIsPresent(ManageCardsPage.java:215)
at testcases.managecards.TC12ManageCardsIsthereanythingelseCheckinBlockSuccessfulMessage.ManageCardsBlockSuccessfulMessage(TC12ManageCardsIsthereanythingelseCheckinBlockSuccessfulMessage.java:49)
... Removed 25 stack frames]]>
    </failure>
  </testcase> <!-- ManageCardsBlockSuccessfulMessage -->
  <testcase name="ManageCardsIsthereanythingelseCheckinBlockCancellationMessage" time="37.284" classname="testcases.managecards.TC13ManageCardsIsthereanythingelseCheckinBlockCancellationMessage">
    <failure type="java.lang.RuntimeException" message="FAILED">
      <![CDATA[java.lang.RuntimeException: FAILED
at utils.Reporter.reportStep(Reporter.java:29)
at wrappers.GenericWrappers.verifyElementisPresent(GenericWrappers.java:1163)
at pages.ManageCardsPage.VerifyCardIsPresent(ManageCardsPage.java:215)
at testcases.managecards.TC13ManageCardsIsthereanythingelseCheckinBlockCancellationMessage.ManageCardsIsthereanythingelseCheckinBlockCancellationMessage(TC13ManageCardsIsthereanythingelseCheckinBlockCancellationMessage.java:49)
... Removed 25 stack frames]]>
    </failure>
  </testcase> <!-- ManageCardsIsthereanythingelseCheckinBlockCancellationMessage -->
  <testcase name="ManageCardsInvalidinputwhileBlockUnblockTypeselection" time="32.996" classname="testcases.managecards.TC14ManageCardsInvalidinputwhileBlockTypeselection"/>
  <testcase name="ManageCardsTwoConsecutiveWrongEntryinBlockUnblockTypeselection" time="41.475" classname="testcases.managecards.TC15ManageCardsTwoConsecutiveWrongEntryinBlockTypeselection"/>
  <testcase name="ManageCardsInvalidInputwhileCardstoBlockSelection" time="38.927" classname="testcases.managecards.TC16ManageCardsInvalidInputwhileCardstoBlockSelection"/>
  <testcase name="ManageCardsTwoConsecutiveWrongEntryinCardstoblockselection" time="44.411" classname="testcases.managecards.TC17ManageCardsTwoConsecutiveWrongEntryinCardstoblockselection"/>
  <testcase name="ManageCardsInvalidinputwhileBlockConfirmationMessage" time="43.494" classname="testcases.managecards.TC18ManageCardsInvalidinputwhileBlockConfirmationMessage">
    <failure type="java.lang.RuntimeException" message="FAILED">
      <![CDATA[java.lang.RuntimeException: FAILED
at utils.Reporter.reportStep(Reporter.java:29)
at wrappers.GenericWrappers.verifyTextByXpath(GenericWrappers.java:474)
at pages.ManageCardsPage.VerifyManageCardConfirmationMessage(ManageCardsPage.java:220)
at testcases.managecards.TC18ManageCardsInvalidinputwhileBlockConfirmationMessage.ManageCardsInvalidinputwhileBlockConfirmationMessage(TC18ManageCardsInvalidinputwhileBlockConfirmationMessage.java:50)
... Removed 25 stack frames]]>
    </failure>
  </testcase> <!-- ManageCardsInvalidinputwhileBlockConfirmationMessage -->
  <testcase name="ManageCardsTwoConsecutiveWrongEntryinBlockConfirmationMessage" time="42.964" classname="testcases.managecards.TC19ManageCardsTwoConsecutiveWrongEntryinBlockConfirmationMessage">
    <failure type="java.lang.RuntimeException" message="FAILED">
      <![CDATA[java.lang.RuntimeException: FAILED
at utils.Reporter.reportStep(Reporter.java:29)
at wrappers.GenericWrappers.verifyTextByXpath(GenericWrappers.java:474)
at pages.ManageCardsPage.VerifyManageCardConfirmationMessage(ManageCardsPage.java:220)
at testcases.managecards.TC19ManageCardsTwoConsecutiveWrongEntryinBlockConfirmationMessage.ManageCardsTwoConsecutiveWrongEntryinBlockConfirmationMessage(TC19ManageCardsTwoConsecutiveWrongEntryinBlockConfirmationMessage.java:50)
... Removed 25 stack frames]]>
    </failure>
  </testcase> <!-- ManageCardsTwoConsecutiveWrongEntryinBlockConfirmationMessage -->
  <testcase name="ManageCardsBlockCreditCard" time="29.885" classname="testcases.managecards.TC20ManageCardsBlockCreditCard">
    <failure type="java.lang.RuntimeException" message="FAILED">
      <![CDATA[java.lang.RuntimeException: FAILED
at utils.Reporter.reportStep(Reporter.java:29)
at wrappers.GenericWrappers.verifyTextByXpath(GenericWrappers.java:474)
at pages.ManageCardsPage.VerifyManageCardClientMessage(ManageCardsPage.java:180)
at testcases.managecards.TC20ManageCardsBlockCreditCard.ManageCardsBlockCreditCard(TC20ManageCardsBlockCreditCard.java:44)
... Removed 25 stack frames]]>
    </failure>
  </testcase> <!-- ManageCardsBlockCreditCard -->
  <testcase name="ManageCardsBlockCreditCard" time="19.796" classname="testcases.managecards.TC21ManageCardsBlockCreditCardWhenUserhaveOneCreditcard">
    <failure type="java.lang.RuntimeException" message="FAILED">
      <![CDATA[java.lang.RuntimeException: FAILED
at utils.Reporter.reportStep(Reporter.java:29)
at wrappers.GenericWrappers.verifyTextByXpath(GenericWrappers.java:474)
at pages.ManageCardsPage.verifyWelcomeUserName(ManageCardsPage.java:96)
at testcases.managecards.TC21ManageCardsBlockCreditCardWhenUserhaveOneCreditcard.ManageCardsBlockCreditCard(TC21ManageCardsBlockCreditCardWhenUserhaveOneCreditcard.java:42)
... Removed 25 stack frames]]>
    </failure>
  </testcase> <!-- ManageCardsBlockCreditCard -->
  <testcase name="ManageCardsValidationMessageDisplaywhenuserhavenocreditcard" time="26.469" classname="testcases.managecards.TC22ManageCardsValidationMessageDisplayWhenUserhaveNoCreditcard"/>
  <testcase name="ManageCardsBlockCreditCard" time="31.659" classname="testcases.managecards.TC23ManageCardsBlockDebitCard">
    <failure type="java.lang.RuntimeException" message="FAILED">
      <![CDATA[java.lang.RuntimeException: FAILED
at utils.Reporter.reportStep(Reporter.java:29)
at wrappers.GenericWrappers.verifyElementisPresent(GenericWrappers.java:1163)
at pages.ManageCardsPage.VerifyCardIsPresent(ManageCardsPage.java:215)
at testcases.managecards.TC23ManageCardsBlockDebitCard.ManageCardsBlockCreditCard(TC23ManageCardsBlockDebitCard.java:45)
... Removed 25 stack frames]]>
    </failure>
  </testcase> <!-- ManageCardsBlockCreditCard -->
  <testcase name="ManageCardsBlockCreditCard" time="62.558" classname="testcases.managecards.TC24ManageCardsBlockCreditCardWhenUserhaveOneDebitcard"/>
  <testcase name="ManageCardsValidationMessageDisplaywhenuserhavenoDebitcard" time="26.262" classname="testcases.managecards.TC25ManageCardsValidationMessageDisplaywhenuserhaveNoDebitcard"/>
  <testcase name="ManageCardsBlockDebitCardbyCardName" time="53.963" classname="testcases.managecards.TC26ManageCardsBlockDebitCardbyCardName">
    <failure type="java.lang.RuntimeException" message="FAILED">
      <![CDATA[java.lang.RuntimeException: FAILED
at utils.Reporter.reportStep(Reporter.java:29)
at wrappers.GenericWrappers.verifyTextByXpath(GenericWrappers.java:474)
at pages.ManageCardsPage.VerifyManageCardClientMessage(ManageCardsPage.java:180)
at testcases.managecards.TC26ManageCardsBlockDebitCardbyCardName.ManageCardsBlockDebitCardbyCardName(TC26ManageCardsBlockDebitCardbyCardName.java:55)
... Removed 25 stack frames]]>
    </failure>
  </testcase> <!-- ManageCardsBlockDebitCardbyCardName -->
  <testcase name="ManageCardsBlockDebitCardbyCardName" time="25.312" classname="testcases.managecards.TC27ManageCardsBlockCreditCardbyCardName">
    <failure type="java.lang.RuntimeException" message="FAILED">
      <![CDATA[java.lang.RuntimeException: FAILED
at utils.Reporter.reportStep(Reporter.java:29)
at wrappers.GenericWrappers.verifyTextByXpath(GenericWrappers.java:474)
at pages.ManageCardsPage.VerifyManageCardConfirmationMessage(ManageCardsPage.java:220)
at testcases.managecards.TC27ManageCardsBlockCreditCardbyCardName.ManageCardsBlockDebitCardbyCardName(TC27ManageCardsBlockCreditCardbyCardName.java:44)
... Removed 25 stack frames]]>
    </failure>
  </testcase> <!-- ManageCardsBlockDebitCardbyCardName -->
  <testcase name="ManageCardsValidationMessageDisplayforWrongCardName" time="30.559" classname="testcases.managecards.TC28ManageCardsValidationMessageDisplayforWrongCardName">
    <failure type="java.lang.RuntimeException" message="FAILED">
      <![CDATA[java.lang.RuntimeException: FAILED
at utils.Reporter.reportStep(Reporter.java:29)
at wrappers.GenericWrappers.verifyElementisPresent(GenericWrappers.java:1163)
at pages.ManageCardsPage.VerifyCardIsPresent(ManageCardsPage.java:215)
at testcases.managecards.TC28ManageCardsValidationMessageDisplayforWrongCardName.ManageCardsValidationMessageDisplayforWrongCardName(TC28ManageCardsValidationMessageDisplayforWrongCardName.java:45)
... Removed 25 stack frames]]>
    </failure>
  </testcase> <!-- ManageCardsValidationMessageDisplayforWrongCardName -->
  <testcase name="ManageCardsBlockDebitCardbyCardName" time="32.346" classname="testcases.managecards.TC29ManageCardsBlockCardNumberEnding">
    <failure type="java.lang.RuntimeException" message="FAILED">
      <![CDATA[java.lang.RuntimeException: FAILED
at utils.Reporter.reportStep(Reporter.java:29)
at wrappers.GenericWrappers.verifyTextByXpath(GenericWrappers.java:474)
at pages.ManageCardsPage.VerifyManageCardConfirmationMessage(ManageCardsPage.java:220)
at testcases.managecards.TC29ManageCardsBlockCardNumberEnding.ManageCardsBlockDebitCardbyCardName(TC29ManageCardsBlockCardNumberEnding.java:44)
... Removed 25 stack frames]]>
    </failure>
  </testcase> <!-- ManageCardsBlockDebitCardbyCardName -->
  <testcase name="ManageCardsBlockCardNumberEndingWithUserhaveonlyonecard" time="29.04" classname="testcases.managecards.TC30ManageCardsBlockCardNumberEndingWithUserhaveonlyonecard">
    <failure type="java.lang.RuntimeException" message="FAILED">
      <![CDATA[java.lang.RuntimeException: FAILED
at utils.Reporter.reportStep(Reporter.java:29)
at wrappers.GenericWrappers.verifyTextByXpath(GenericWrappers.java:474)
at pages.ManageCardsPage.VerifyManageCardConfirmationMessage(ManageCardsPage.java:220)
at testcases.managecards.TC30ManageCardsBlockCardNumberEndingWithUserhaveonlyonecard.ManageCardsBlockCardNumberEndingWithUserhaveonlyonecard(TC30ManageCardsBlockCardNumberEndingWithUserhaveonlyonecard.java:44)
... Removed 25 stack frames]]>
    </failure>
  </testcase> <!-- ManageCardsBlockCardNumberEndingWithUserhaveonlyonecard -->
  <testcase name="ManageCardsBlockCardNumberEndingWrongcardnumber" time="27.086" classname="testcases.managecards.TC31ManageCardsBlockCardNumberEndingWrongcardnumber"/>
  <testcase name="ManageCardsValidaitonMessageDisplayforUserNOThavingCardstoBlock" time="68.22" classname="testcases.managecards.TC32ManageCardsValidaitonMessageDisplayforUserNOThavingCardstoBlock"/>
  <testcase name="ManageCardsCardSelection" time="37.397" classname="testcases.managecards.TC33ManageCardsCardSelectionClick">
    <failure type="java.lang.RuntimeException" message="FAILED">
      <![CDATA[java.lang.RuntimeException: FAILED
at utils.Reporter.reportStep(Reporter.java:29)
at wrappers.GenericWrappers.verifyElementisPresent(GenericWrappers.java:1163)
at pages.ManageCardsPage.VerifyCardIsPresent(ManageCardsPage.java:215)
at testcases.managecards.TC33ManageCardsCardSelectionClick.ManageCardsCardSelection(TC33ManageCardsCardSelectionClick.java:49)
... Removed 25 stack frames]]>
    </failure>
  </testcase> <!-- ManageCardsCardSelection -->
  <testcase name="ManageCardsBlockUnblockTypeDisplay" time="25.485" classname="testcases.managecards.TC35ManageCardsUnBlockTypeDisplay"/>
  <testcase name="ManageCardsClickUnblockButton" time="35.194" classname="testcases.managecards.TC36ManageCardsClickUnblockButton">
    <failure type="java.lang.RuntimeException" message="FAILED">
      <![CDATA[java.lang.RuntimeException: FAILED
at utils.Reporter.reportStep(Reporter.java:29)
at wrappers.GenericWrappers.verifyTextByXpath(GenericWrappers.java:474)
at pages.ManageCardsPage.VerifyManageCardClientMessage(ManageCardsPage.java:180)
at testcases.managecards.TC36ManageCardsClickUnblockButton.ManageCardsClickUnblockButton(TC36ManageCardsClickUnblockButton.java:48)
... Removed 25 stack frames]]>
    </failure>
  </testcase> <!-- ManageCardsClickUnblockButton -->
  <testcase name="ManageCardsUnblockCardSelection" time="35.002" classname="testcases.managecards.TC37ManageCardsUnblockCardSelection">
    <failure type="java.lang.RuntimeException" message="FAILED">
      <![CDATA[java.lang.RuntimeException: FAILED
at utils.Reporter.reportStep(Reporter.java:29)
at wrappers.GenericWrappers.verifyElementisPresent(GenericWrappers.java:1163)
at pages.ManageCardsPage.VerifyCardIsPresent(ManageCardsPage.java:215)
at testcases.managecards.TC37ManageCardsUnblockCardSelection.ManageCardsUnblockCardSelection(TC37ManageCardsUnblockCardSelection.java:47)
... Removed 25 stack frames]]>
    </failure>
  </testcase> <!-- ManageCardsUnblockCardSelection -->
  <testcase name="ManageCardsUnblockCardsSelectionbyText" time="28.312" classname="testcases.managecards.TC38ManageCardsUnblockCardsSelectionbyText">
    <failure type="java.lang.RuntimeException" message="FAILED">
      <![CDATA[java.lang.RuntimeException: FAILED
at utils.Reporter.reportStep(Reporter.java:29)
at wrappers.GenericWrappers.verifyElementisPresent(GenericWrappers.java:1163)
at pages.ManageCardsPage.VerifyCardIsPresent(ManageCardsPage.java:215)
at testcases.managecards.TC38ManageCardsUnblockCardsSelectionbyText.ManageCardsUnblockCardsSelectionbyText(TC38ManageCardsUnblockCardsSelectionbyText.java:44)
... Removed 25 stack frames]]>
    </failure>
  </testcase> <!-- ManageCardsUnblockCardsSelectionbyText -->
  <testcase name="ManageCardsUnblockConfirmationMessage" time="27.572" classname="testcases.managecards.TC39ManageCardsUnblockConfirmationMessage">
    <failure type="java.lang.RuntimeException" message="FAILED">
      <![CDATA[java.lang.RuntimeException: FAILED
at utils.Reporter.reportStep(Reporter.java:29)
at wrappers.GenericWrappers.verifyElementisPresent(GenericWrappers.java:1163)
at pages.ManageCardsPage.VerifyCardIsPresent(ManageCardsPage.java:215)
at testcases.managecards.TC39ManageCardsUnblockConfirmationMessage.ManageCardsUnblockConfirmationMessage(TC39ManageCardsUnblockConfirmationMessage.java:44)
... Removed 25 stack frames]]>
    </failure>
  </testcase> <!-- ManageCardsUnblockConfirmationMessage -->
  <testcase name="ManageCardsUnblockSuccessMessage" time="29.589" classname="testcases.managecards.TC40ManageCardsUnblockSuccessMessage">
    <failure type="java.lang.RuntimeException" message="FAILED">
      <![CDATA[java.lang.RuntimeException: FAILED
at utils.Reporter.reportStep(Reporter.java:29)
at wrappers.GenericWrappers.verifyElementisPresent(GenericWrappers.java:1163)
at pages.ManageCardsPage.VerifyCardIsPresent(ManageCardsPage.java:215)
at testcases.managecards.TC40ManageCardsUnblockSuccessMessage.ManageCardsUnblockSuccessMessage(TC40ManageCardsUnblockSuccessMessage.java:44)
... Removed 25 stack frames]]>
    </failure>
  </testcase> <!-- ManageCardsUnblockSuccessMessage -->
  <testcase name="ManageCardsUnblockCancellationMessage" time="29.009" classname="testcases.managecards.TC41ManageCardsUnblockCancellationMessage">
    <failure type="java.lang.RuntimeException" message="FAILED">
      <![CDATA[java.lang.RuntimeException: FAILED
at utils.Reporter.reportStep(Reporter.java:29)
at wrappers.GenericWrappers.verifyElementisPresent(GenericWrappers.java:1163)
at pages.ManageCardsPage.VerifyCardIsPresent(ManageCardsPage.java:215)
at testcases.managecards.TC41ManageCardsUnblockCancellationMessage.ManageCardsUnblockCancellationMessage(TC41ManageCardsUnblockCancellationMessage.java:44)
... Removed 25 stack frames]]>
    </failure>
  </testcase> <!-- ManageCardsUnblockCancellationMessage -->
  <testcase name="ManageCardsUnblockCancellationMessage" time="29.819" classname="testcases.managecards.TC42ManageCardsIsthereanythingelseCheckinUnblockSuccessfulMessage">
    <failure type="java.lang.RuntimeException" message="FAILED">
      <![CDATA[java.lang.RuntimeException: FAILED
at utils.Reporter.reportStep(Reporter.java:29)
at wrappers.GenericWrappers.verifyElementisPresent(GenericWrappers.java:1163)
at pages.ManageCardsPage.VerifyCardIsPresent(ManageCardsPage.java:215)
at testcases.managecards.TC42ManageCardsIsthereanythingelseCheckinUnblockSuccessfulMessage.ManageCardsUnblockCancellationMessage(TC42ManageCardsIsthereanythingelseCheckinUnblockSuccessfulMessage.java:44)
... Removed 25 stack frames]]>
    </failure>
  </testcase> <!-- ManageCardsUnblockCancellationMessage -->
  <testcase name="ManageCardsUnblockCancellationMessage" time="29.0" classname="testcases.managecards.TC43ManageCardsIsthereanythingelseCheckinUnblockCancellationMessage">
    <failure type="java.lang.RuntimeException" message="FAILED">
      <![CDATA[java.lang.RuntimeException: FAILED
at utils.Reporter.reportStep(Reporter.java:29)
at wrappers.GenericWrappers.verifyElementisPresent(GenericWrappers.java:1163)
at pages.ManageCardsPage.VerifyCardIsPresent(ManageCardsPage.java:215)
at testcases.managecards.TC43ManageCardsIsthereanythingelseCheckinUnblockCancellationMessage.ManageCardsUnblockCancellationMessage(TC43ManageCardsIsthereanythingelseCheckinUnblockCancellationMessage.java:44)
... Removed 25 stack frames]]>
    </failure>
  </testcase> <!-- ManageCardsUnblockCancellationMessage -->
  <testcase name="ManageCardsInvalidinputwhileBlockUnblockTypeselection" time="32.579" classname="testcases.managecards.TC44ManageCardsInvalidinputwhileUnblockTypeselection"/>
  <testcase name="ManageCardsTwoConsecutiveWrongEntryinBlockUnblockTypeselection" time="40.972" classname="testcases.managecards.TC45ManageCardsTwoConsecutiveWrongEntryinUnblockTypeselection"/>
  <testcase name="ManageCardsUnblockSuccessMessage" time="28.872" classname="testcases.managecards.TC46ManageCardsInvalidinputwhileCardstoUnblockselection">
    <failure type="java.lang.RuntimeException" message="FAILED">
      <![CDATA[java.lang.RuntimeException: FAILED
at utils.Reporter.reportStep(Reporter.java:29)
at wrappers.GenericWrappers.verifyElementisPresent(GenericWrappers.java:1163)
at pages.ManageCardsPage.VerifyCardIsPresent(ManageCardsPage.java:215)
at testcases.managecards.TC46ManageCardsInvalidinputwhileCardstoUnblockselection.ManageCardsUnblockSuccessMessage(TC46ManageCardsInvalidinputwhileCardstoUnblockselection.java:44)
... Removed 25 stack frames]]>
    </failure>
  </testcase> <!-- ManageCardsUnblockSuccessMessage -->
  <testcase name="ManageCardsUnblockSuccessMessage" time="29.272" classname="testcases.managecards.TC47ManageCardsTwoConsecutiveWrongEntryinCardstoUnblockselection">
    <failure type="java.lang.RuntimeException" message="FAILED">
      <![CDATA[java.lang.RuntimeException: FAILED
at utils.Reporter.reportStep(Reporter.java:29)
at wrappers.GenericWrappers.verifyElementisPresent(GenericWrappers.java:1163)
at pages.ManageCardsPage.VerifyCardIsPresent(ManageCardsPage.java:215)
at testcases.managecards.TC47ManageCardsTwoConsecutiveWrongEntryinCardstoUnblockselection.ManageCardsUnblockSuccessMessage(TC47ManageCardsTwoConsecutiveWrongEntryinCardstoUnblockselection.java:44)
... Removed 25 stack frames]]>
    </failure>
  </testcase> <!-- ManageCardsUnblockSuccessMessage -->
  <testcase name="ManageCardsUnblockCardsSelectionbyText" time="30.437" classname="testcases.managecards.TC48ManageCardsInvalidinputwhileUnblockConfirmationMessage">
    <failure type="java.lang.RuntimeException" message="FAILED">
      <![CDATA[java.lang.RuntimeException: FAILED
at utils.Reporter.reportStep(Reporter.java:29)
at wrappers.GenericWrappers.verifyElementisPresent(GenericWrappers.java:1163)
at pages.ManageCardsPage.VerifyCardIsPresent(ManageCardsPage.java:215)
at testcases.managecards.TC48ManageCardsInvalidinputwhileUnblockConfirmationMessage.ManageCardsUnblockCardsSelectionbyText(TC48ManageCardsInvalidinputwhileUnblockConfirmationMessage.java:44)
... Removed 25 stack frames]]>
    </failure>
  </testcase> <!-- ManageCardsUnblockCardsSelectionbyText -->
  <testcase name="ManageCardsUnblockSuccessMessage" time="28.172" classname="testcases.managecards.TC49ManageCardsTwoConsecutiveWrongEntryinUnBlockConfirmationMessage">
    <failure type="java.lang.RuntimeException" message="FAILED">
      <![CDATA[java.lang.RuntimeException: FAILED
at utils.Reporter.reportStep(Reporter.java:29)
at wrappers.GenericWrappers.verifyElementisPresent(GenericWrappers.java:1163)
at pages.ManageCardsPage.VerifyCardIsPresent(ManageCardsPage.java:215)
at testcases.managecards.TC49ManageCardsTwoConsecutiveWrongEntryinUnBlockConfirmationMessage.ManageCardsUnblockSuccessMessage(TC49ManageCardsTwoConsecutiveWrongEntryinUnBlockConfirmationMessage.java:44)
... Removed 25 stack frames]]>
    </failure>
  </testcase> <!-- ManageCardsUnblockSuccessMessage -->
  <testcase name="ManageCardsUnblockCreditCard" time="29.867" classname="testcases.managecards.TC50ManageCardsUnblockCreditCard">
    <failure type="java.lang.RuntimeException" message="FAILED">
      <![CDATA[java.lang.RuntimeException: FAILED
at utils.Reporter.reportStep(Reporter.java:29)
at wrappers.GenericWrappers.verifyElementisPresent(GenericWrappers.java:1163)
at pages.ManageCardsPage.VerifyCardIsPresent(ManageCardsPage.java:215)
at testcases.managecards.TC50ManageCardsUnblockCreditCard.ManageCardsUnblockCreditCard(TC50ManageCardsUnblockCreditCard.java:44)
... Removed 25 stack frames]]>
    </failure>
  </testcase> <!-- ManageCardsUnblockCreditCard -->
  <testcase name="ManageCardsUnblockCreditCard" time="29.43" classname="testcases.managecards.TC51ManageCardsUnBlockCreditCardWhenUserhaveOneCreditcard">
    <failure type="java.lang.RuntimeException" message="FAILED">
      <![CDATA[java.lang.RuntimeException: FAILED
at utils.Reporter.reportStep(Reporter.java:29)
at wrappers.GenericWrappers.verifyElementisPresent(GenericWrappers.java:1163)
at pages.ManageCardsPage.VerifyCardIsPresent(ManageCardsPage.java:215)
at testcases.managecards.TC51ManageCardsUnBlockCreditCardWhenUserhaveOneCreditcard.ManageCardsUnblockCreditCard(TC51ManageCardsUnBlockCreditCardWhenUserhaveOneCreditcard.java:44)
... Removed 25 stack frames]]>
    </failure>
  </testcase> <!-- ManageCardsUnblockCreditCard -->
  <testcase name="@BeforeTest beforeTest" time="0.0" classname="wrappers.ProjectWrappers">
    <ignored/>
  </testcase> <!-- @BeforeTest beforeTest -->
  <testcase name="@BeforeTest beforeTest" time="0.0" classname="wrappers.ProjectWrappers">
    <ignored/>
  </testcase> <!-- @BeforeTest beforeTest -->
  <testcase name="@BeforeTest beforeTest" time="0.0" classname="wrappers.ProjectWrappers">
    <ignored/>
  </testcase> <!-- @BeforeTest beforeTest -->
  <testcase name="@BeforeTest beforeTest" time="0.0" classname="wrappers.ProjectWrappers">
    <ignored/>
  </testcase> <!-- @BeforeTest beforeTest -->
  <testcase name="@BeforeTest beforeTest" time="0.0" classname="wrappers.ProjectWrappers">
    <ignored/>
  </testcase> <!-- @BeforeTest beforeTest -->
  <testcase name="@BeforeTest beforeTest" time="0.0" classname="wrappers.ProjectWrappers">
    <ignored/>
  </testcase> <!-- @BeforeTest beforeTest -->
  <testcase name="@BeforeTest beforeTest" time="0.0" classname="wrappers.ProjectWrappers">
    <ignored/>
  </testcase> <!-- @BeforeTest beforeTest -->
  <testcase name="@BeforeTest beforeTest" time="0.0" classname="wrappers.ProjectWrappers">
    <ignored/>
  </testcase> <!-- @BeforeTest beforeTest -->
  <testcase name="@BeforeTest beforeTest" time="0.0" classname="wrappers.ProjectWrappers">
    <ignored/>
  </testcase> <!-- @BeforeTest beforeTest -->
  <testcase name="@BeforeTest beforeTest" time="0.0" classname="wrappers.ProjectWrappers">
    <ignored/>
  </testcase> <!-- @BeforeTest beforeTest -->
  <testcase name="@BeforeTest beforeTest" time="0.0" classname="wrappers.ProjectWrappers">
    <ignored/>
  </testcase> <!-- @BeforeTest beforeTest -->
  <testcase name="@BeforeTest beforeTest" time="0.0" classname="wrappers.ProjectWrappers">
    <ignored/>
  </testcase> <!-- @BeforeTest beforeTest -->
  <testcase name="@BeforeTest beforeTest" time="0.0" classname="wrappers.ProjectWrappers">
    <ignored/>
  </testcase> <!-- @BeforeTest beforeTest -->
  <testcase name="@BeforeTest beforeTest" time="0.0" classname="wrappers.ProjectWrappers">
    <ignored/>
  </testcase> <!-- @BeforeTest beforeTest -->
  <testcase name="@BeforeTest beforeTest" time="0.0" classname="wrappers.ProjectWrappers">
    <ignored/>
  </testcase> <!-- @BeforeTest beforeTest -->
  <testcase name="@BeforeTest beforeTest" time="0.0" classname="wrappers.ProjectWrappers">
    <ignored/>
  </testcase> <!-- @BeforeTest beforeTest -->
  <testcase name="@BeforeTest beforeTest" time="0.0" classname="wrappers.ProjectWrappers">
    <ignored/>
  </testcase> <!-- @BeforeTest beforeTest -->
  <testcase name="@BeforeTest beforeTest" time="0.0" classname="wrappers.ProjectWrappers">
    <ignored/>
  </testcase> <!-- @BeforeTest beforeTest -->
  <testcase name="@BeforeTest beforeTest" time="0.0" classname="wrappers.ProjectWrappers">
    <ignored/>
  </testcase> <!-- @BeforeTest beforeTest -->
  <testcase name="@BeforeTest beforeTest" time="0.0" classname="wrappers.ProjectWrappers">
    <ignored/>
  </testcase> <!-- @BeforeTest beforeTest -->
  <testcase name="@BeforeTest beforeTest" time="0.0" classname="wrappers.ProjectWrappers">
    <ignored/>
  </testcase> <!-- @BeforeTest beforeTest -->
  <testcase name="@BeforeTest beforeTest" time="0.0" classname="wrappers.ProjectWrappers">
    <ignored/>
  </testcase> <!-- @BeforeTest beforeTest -->
  <testcase name="@BeforeTest beforeTest" time="0.0" classname="wrappers.ProjectWrappers">
    <ignored/>
  </testcase> <!-- @BeforeTest beforeTest -->
  <testcase name="@BeforeTest beforeTest" time="0.0" classname="wrappers.ProjectWrappers">
    <ignored/>
  </testcase> <!-- @BeforeTest beforeTest -->
  <testcase name="@BeforeTest beforeTest" time="0.0" classname="wrappers.ProjectWrappers">
    <ignored/>
  </testcase> <!-- @BeforeTest beforeTest -->
  <testcase name="@BeforeTest beforeTest" time="0.0" classname="wrappers.ProjectWrappers">
    <ignored/>
  </testcase> <!-- @BeforeTest beforeTest -->
  <testcase name="@BeforeTest beforeTest" time="0.0" classname="wrappers.ProjectWrappers">
    <ignored/>
  </testcase> <!-- @BeforeTest beforeTest -->
  <testcase name="@BeforeTest beforeTest" time="0.0" classname="wrappers.ProjectWrappers">
    <ignored/>
  </testcase> <!-- @BeforeTest beforeTest -->
  <testcase name="@BeforeTest beforeTest" time="0.0" classname="wrappers.ProjectWrappers">
    <ignored/>
  </testcase> <!-- @BeforeTest beforeTest -->
  <testcase name="@BeforeTest beforeTest" time="0.0" classname="wrappers.ProjectWrappers">
    <ignored/>
  </testcase> <!-- @BeforeTest beforeTest -->
  <testcase name="@BeforeTest beforeTest" time="0.0" classname="wrappers.ProjectWrappers">
    <ignored/>
  </testcase> <!-- @BeforeTest beforeTest -->
  <testcase name="@BeforeTest beforeTest" time="0.0" classname="wrappers.ProjectWrappers">
    <ignored/>
  </testcase> <!-- @BeforeTest beforeTest -->
  <testcase name="@BeforeTest beforeTest" time="0.0" classname="wrappers.ProjectWrappers">
    <ignored/>
  </testcase> <!-- @BeforeTest beforeTest -->
  <testcase name="@BeforeTest beforeTest" time="0.0" classname="wrappers.ProjectWrappers">
    <ignored/>
  </testcase> <!-- @BeforeTest beforeTest -->
  <testcase name="@BeforeTest beforeTest" time="0.0" classname="wrappers.ProjectWrappers">
    <ignored/>
  </testcase> <!-- @BeforeTest beforeTest -->
  <testcase name="@BeforeTest beforeTest" time="0.0" classname="wrappers.ProjectWrappers">
    <ignored/>
  </testcase> <!-- @BeforeTest beforeTest -->
  <testcase name="@BeforeTest beforeTest" time="0.0" classname="wrappers.ProjectWrappers">
    <ignored/>
  </testcase> <!-- @BeforeTest beforeTest -->
  <testcase name="@BeforeTest beforeTest" time="0.0" classname="wrappers.ProjectWrappers">
    <ignored/>
  </testcase> <!-- @BeforeTest beforeTest -->
  <testcase name="@BeforeTest beforeTest" time="0.0" classname="wrappers.ProjectWrappers">
    <ignored/>
  </testcase> <!-- @BeforeTest beforeTest -->
  <testcase name="@BeforeTest beforeTest" time="0.0" classname="wrappers.ProjectWrappers">
    <ignored/>
  </testcase> <!-- @BeforeTest beforeTest -->
  <testcase name="@BeforeTest beforeTest" time="0.0" classname="wrappers.ProjectWrappers">
    <ignored/>
  </testcase> <!-- @BeforeTest beforeTest -->
  <testcase name="@BeforeTest beforeTest" time="0.0" classname="wrappers.ProjectWrappers">
    <ignored/>
  </testcase> <!-- @BeforeTest beforeTest -->
  <testcase name="@BeforeTest beforeTest" time="0.0" classname="wrappers.ProjectWrappers">
    <ignored/>
  </testcase> <!-- @BeforeTest beforeTest -->
  <testcase name="@BeforeTest beforeTest" time="0.0" classname="wrappers.ProjectWrappers">
    <ignored/>
  </testcase> <!-- @BeforeTest beforeTest -->
  <testcase name="@BeforeTest beforeTest" time="0.0" classname="wrappers.ProjectWrappers">
    <ignored/>
  </testcase> <!-- @BeforeTest beforeTest -->
  <testcase name="@BeforeTest beforeTest" time="0.0" classname="wrappers.ProjectWrappers">
    <ignored/>
  </testcase> <!-- @BeforeTest beforeTest -->
  <testcase name="@BeforeTest beforeTest" time="0.0" classname="wrappers.ProjectWrappers">
    <ignored/>
  </testcase> <!-- @BeforeTest beforeTest -->
  <testcase name="@BeforeTest beforeTest" time="0.0" classname="wrappers.ProjectWrappers">
    <ignored/>
  </testcase> <!-- @BeforeTest beforeTest -->
  <testcase name="@BeforeTest beforeTest" time="0.0" classname="wrappers.ProjectWrappers">
    <ignored/>
  </testcase> <!-- @BeforeTest beforeTest -->
  <testcase name="@BeforeTest beforeTest" time="0.0" classname="wrappers.ProjectWrappers">
    <ignored/>
  </testcase> <!-- @BeforeTest beforeTest -->
  <testcase name="@BeforeTest beforeTest" time="0.0" classname="wrappers.ProjectWrappers">
    <ignored/>
  </testcase> <!-- @BeforeTest beforeTest -->
  <testcase name="@AfterTest afterTest" time="0.0" classname="wrappers.ProjectWrappers">
    <ignored/>
  </testcase> <!-- @AfterTest afterTest -->
  <testcase name="@AfterTest afterTest" time="0.0" classname="wrappers.ProjectWrappers">
    <ignored/>
  </testcase> <!-- @AfterTest afterTest -->
  <testcase name="@AfterTest afterTest" time="0.0" classname="wrappers.ProjectWrappers">
    <ignored/>
  </testcase> <!-- @AfterTest afterTest -->
  <testcase name="@AfterTest afterTest" time="0.0" classname="wrappers.ProjectWrappers">
    <ignored/>
  </testcase> <!-- @AfterTest afterTest -->
  <testcase name="@AfterTest afterTest" time="0.0" classname="wrappers.ProjectWrappers">
    <ignored/>
  </testcase> <!-- @AfterTest afterTest -->
  <testcase name="@AfterTest afterTest" time="0.0" classname="wrappers.ProjectWrappers">
    <ignored/>
  </testcase> <!-- @AfterTest afterTest -->
  <testcase name="@AfterTest afterTest" time="0.0" classname="wrappers.ProjectWrappers">
    <ignored/>
  </testcase> <!-- @AfterTest afterTest -->
  <testcase name="@AfterTest afterTest" time="0.0" classname="wrappers.ProjectWrappers">
    <ignored/>
  </testcase> <!-- @AfterTest afterTest -->
  <testcase name="@AfterTest afterTest" time="0.0" classname="wrappers.ProjectWrappers">
    <ignored/>
  </testcase> <!-- @AfterTest afterTest -->
  <testcase name="@AfterTest afterTest" time="0.0" classname="wrappers.ProjectWrappers">
    <ignored/>
  </testcase> <!-- @AfterTest afterTest -->
  <testcase name="@AfterTest afterTest" time="0.0" classname="wrappers.ProjectWrappers">
    <ignored/>
  </testcase> <!-- @AfterTest afterTest -->
  <testcase name="@AfterTest afterTest" time="0.0" classname="wrappers.ProjectWrappers">
    <ignored/>
  </testcase> <!-- @AfterTest afterTest -->
  <testcase name="@AfterTest afterTest" time="0.0" classname="wrappers.ProjectWrappers">
    <ignored/>
  </testcase> <!-- @AfterTest afterTest -->
  <testcase name="@AfterTest afterTest" time="0.0" classname="wrappers.ProjectWrappers">
    <ignored/>
  </testcase> <!-- @AfterTest afterTest -->
  <testcase name="@AfterTest afterTest" time="0.0" classname="wrappers.ProjectWrappers">
    <ignored/>
  </testcase> <!-- @AfterTest afterTest -->
  <testcase name="@AfterTest afterTest" time="0.0" classname="wrappers.ProjectWrappers">
    <ignored/>
  </testcase> <!-- @AfterTest afterTest -->
  <testcase name="@AfterTest afterTest" time="0.0" classname="wrappers.ProjectWrappers">
    <ignored/>
  </testcase> <!-- @AfterTest afterTest -->
  <testcase name="@AfterTest afterTest" time="0.0" classname="wrappers.ProjectWrappers">
    <ignored/>
  </testcase> <!-- @AfterTest afterTest -->
  <testcase name="@AfterTest afterTest" time="0.0" classname="wrappers.ProjectWrappers">
    <ignored/>
  </testcase> <!-- @AfterTest afterTest -->
  <testcase name="@AfterTest afterTest" time="0.0" classname="wrappers.ProjectWrappers">
    <ignored/>
  </testcase> <!-- @AfterTest afterTest -->
  <testcase name="@AfterTest afterTest" time="0.0" classname="wrappers.ProjectWrappers">
    <ignored/>
  </testcase> <!-- @AfterTest afterTest -->
  <testcase name="@AfterTest afterTest" time="0.0" classname="wrappers.ProjectWrappers">
    <ignored/>
  </testcase> <!-- @AfterTest afterTest -->
  <testcase name="@AfterTest afterTest" time="0.0" classname="wrappers.ProjectWrappers">
    <ignored/>
  </testcase> <!-- @AfterTest afterTest -->
  <testcase name="@AfterTest afterTest" time="0.0" classname="wrappers.ProjectWrappers">
    <ignored/>
  </testcase> <!-- @AfterTest afterTest -->
  <testcase name="@AfterTest afterTest" time="0.0" classname="wrappers.ProjectWrappers">
    <ignored/>
  </testcase> <!-- @AfterTest afterTest -->
  <testcase name="@AfterTest afterTest" time="0.0" classname="wrappers.ProjectWrappers">
    <ignored/>
  </testcase> <!-- @AfterTest afterTest -->
  <testcase name="@AfterTest afterTest" time="0.0" classname="wrappers.ProjectWrappers">
    <ignored/>
  </testcase> <!-- @AfterTest afterTest -->
  <testcase name="@AfterTest afterTest" time="0.0" classname="wrappers.ProjectWrappers">
    <ignored/>
  </testcase> <!-- @AfterTest afterTest -->
  <testcase name="@AfterTest afterTest" time="0.0" classname="wrappers.ProjectWrappers">
    <ignored/>
  </testcase> <!-- @AfterTest afterTest -->
  <testcase name="@AfterTest afterTest" time="0.0" classname="wrappers.ProjectWrappers">
    <ignored/>
  </testcase> <!-- @AfterTest afterTest -->
  <testcase name="@AfterTest afterTest" time="0.0" classname="wrappers.ProjectWrappers">
    <ignored/>
  </testcase> <!-- @AfterTest afterTest -->
  <testcase name="@AfterTest afterTest" time="0.0" classname="wrappers.ProjectWrappers">
    <ignored/>
  </testcase> <!-- @AfterTest afterTest -->
  <testcase name="@AfterTest afterTest" time="0.0" classname="wrappers.ProjectWrappers">
    <ignored/>
  </testcase> <!-- @AfterTest afterTest -->
  <testcase name="@AfterTest afterTest" time="0.0" classname="wrappers.ProjectWrappers">
    <ignored/>
  </testcase> <!-- @AfterTest afterTest -->
  <testcase name="@AfterTest afterTest" time="0.0" classname="wrappers.ProjectWrappers">
    <ignored/>
  </testcase> <!-- @AfterTest afterTest -->
  <testcase name="@AfterTest afterTest" time="0.0" classname="wrappers.ProjectWrappers">
    <ignored/>
  </testcase> <!-- @AfterTest afterTest -->
  <testcase name="@AfterTest afterTest" time="0.0" classname="wrappers.ProjectWrappers">
    <ignored/>
  </testcase> <!-- @AfterTest afterTest -->
  <testcase name="@AfterTest afterTest" time="0.0" classname="wrappers.ProjectWrappers">
    <ignored/>
  </testcase> <!-- @AfterTest afterTest -->
  <testcase name="@AfterTest afterTest" time="0.0" classname="wrappers.ProjectWrappers">
    <ignored/>
  </testcase> <!-- @AfterTest afterTest -->
  <testcase name="@AfterTest afterTest" time="0.0" classname="wrappers.ProjectWrappers">
    <ignored/>
  </testcase> <!-- @AfterTest afterTest -->
  <testcase name="@AfterTest afterTest" time="0.0" classname="wrappers.ProjectWrappers">
    <ignored/>
  </testcase> <!-- @AfterTest afterTest -->
  <testcase name="@AfterTest afterTest" time="0.0" classname="wrappers.ProjectWrappers">
    <ignored/>
  </testcase> <!-- @AfterTest afterTest -->
  <testcase name="@AfterTest afterTest" time="0.0" classname="wrappers.ProjectWrappers">
    <ignored/>
  </testcase> <!-- @AfterTest afterTest -->
  <testcase name="@AfterTest afterTest" time="0.0" classname="wrappers.ProjectWrappers">
    <ignored/>
  </testcase> <!-- @AfterTest afterTest -->
  <testcase name="@AfterTest afterTest" time="0.0" classname="wrappers.ProjectWrappers">
    <ignored/>
  </testcase> <!-- @AfterTest afterTest -->
  <testcase name="@AfterTest afterTest" time="0.0" classname="wrappers.ProjectWrappers">
    <ignored/>
  </testcase> <!-- @AfterTest afterTest -->
  <testcase name="@AfterTest afterTest" time="0.0" classname="wrappers.ProjectWrappers">
    <ignored/>
  </testcase> <!-- @AfterTest afterTest -->
  <testcase name="@AfterTest afterTest" time="0.0" classname="wrappers.ProjectWrappers">
    <ignored/>
  </testcase> <!-- @AfterTest afterTest -->
  <testcase name="@AfterTest afterTest" time="0.0" classname="wrappers.ProjectWrappers">
    <ignored/>
  </testcase> <!-- @AfterTest afterTest -->
  <testcase name="@AfterTest afterTest" time="0.0" classname="wrappers.ProjectWrappers">
    <ignored/>
  </testcase> <!-- @AfterTest afterTest -->
  <testcase name="@AfterTest afterTest" time="0.0" classname="wrappers.ProjectWrappers">
    <ignored/>
  </testcase> <!-- @AfterTest afterTest -->
  <testcase name="@AfterSuite afterSuite" time="0.0" classname="wrappers.ProjectWrappers">
    <ignored/>
  </testcase> <!-- @AfterSuite afterSuite -->
  <testcase name="@AfterSuite afterSuite" time="0.0" classname="wrappers.ProjectWrappers">
    <ignored/>
  </testcase> <!-- @AfterSuite afterSuite -->
  <testcase name="@AfterSuite afterSuite" time="0.0" classname="wrappers.ProjectWrappers">
    <ignored/>
  </testcase> <!-- @AfterSuite afterSuite -->
  <testcase name="@AfterSuite afterSuite" time="0.0" classname="wrappers.ProjectWrappers">
    <ignored/>
  </testcase> <!-- @AfterSuite afterSuite -->
  <testcase name="@AfterSuite afterSuite" time="0.0" classname="wrappers.ProjectWrappers">
    <ignored/>
  </testcase> <!-- @AfterSuite afterSuite -->
  <testcase name="@AfterSuite afterSuite" time="0.0" classname="wrappers.ProjectWrappers">
    <ignored/>
  </testcase> <!-- @AfterSuite afterSuite -->
  <testcase name="@AfterSuite afterSuite" time="0.0" classname="wrappers.ProjectWrappers">
    <ignored/>
  </testcase> <!-- @AfterSuite afterSuite -->
  <testcase name="@AfterSuite afterSuite" time="0.0" classname="wrappers.ProjectWrappers">
    <ignored/>
  </testcase> <!-- @AfterSuite afterSuite -->
  <testcase name="@AfterSuite afterSuite" time="0.0" classname="wrappers.ProjectWrappers">
    <ignored/>
  </testcase> <!-- @AfterSuite afterSuite -->
  <testcase name="@AfterSuite afterSuite" time="0.0" classname="wrappers.ProjectWrappers">
    <ignored/>
  </testcase> <!-- @AfterSuite afterSuite -->
  <testcase name="@AfterSuite afterSuite" time="0.0" classname="wrappers.ProjectWrappers">
    <ignored/>
  </testcase> <!-- @AfterSuite afterSuite -->
  <testcase name="@AfterSuite afterSuite" time="0.0" classname="wrappers.ProjectWrappers">
    <ignored/>
  </testcase> <!-- @AfterSuite afterSuite -->
  <testcase name="@AfterSuite afterSuite" time="0.0" classname="wrappers.ProjectWrappers">
    <ignored/>
  </testcase> <!-- @AfterSuite afterSuite -->
  <testcase name="@AfterSuite afterSuite" time="0.0" classname="wrappers.ProjectWrappers">
    <ignored/>
  </testcase> <!-- @AfterSuite afterSuite -->
  <testcase name="@AfterSuite afterSuite" time="0.0" classname="wrappers.ProjectWrappers">
    <ignored/>
  </testcase> <!-- @AfterSuite afterSuite -->
  <testcase name="@AfterSuite afterSuite" time="0.0" classname="wrappers.ProjectWrappers">
    <ignored/>
  </testcase> <!-- @AfterSuite afterSuite -->
  <testcase name="@AfterSuite afterSuite" time="0.0" classname="wrappers.ProjectWrappers">
    <ignored/>
  </testcase> <!-- @AfterSuite afterSuite -->
  <testcase name="@AfterSuite afterSuite" time="0.0" classname="wrappers.ProjectWrappers">
    <ignored/>
  </testcase> <!-- @AfterSuite afterSuite -->
  <testcase name="@AfterSuite afterSuite" time="0.0" classname="wrappers.ProjectWrappers">
    <ignored/>
  </testcase> <!-- @AfterSuite afterSuite -->
  <testcase name="@AfterSuite afterSuite" time="0.0" classname="wrappers.ProjectWrappers">
    <ignored/>
  </testcase> <!-- @AfterSuite afterSuite -->
  <testcase name="@AfterSuite afterSuite" time="0.0" classname="wrappers.ProjectWrappers">
    <ignored/>
  </testcase> <!-- @AfterSuite afterSuite -->
  <testcase name="@AfterSuite afterSuite" time="0.0" classname="wrappers.ProjectWrappers">
    <ignored/>
  </testcase> <!-- @AfterSuite afterSuite -->
  <testcase name="@AfterSuite afterSuite" time="0.0" classname="wrappers.ProjectWrappers">
    <ignored/>
  </testcase> <!-- @AfterSuite afterSuite -->
  <testcase name="@AfterSuite afterSuite" time="0.0" classname="wrappers.ProjectWrappers">
    <ignored/>
  </testcase> <!-- @AfterSuite afterSuite -->
  <testcase name="@AfterSuite afterSuite" time="0.0" classname="wrappers.ProjectWrappers">
    <ignored/>
  </testcase> <!-- @AfterSuite afterSuite -->
  <testcase name="@AfterSuite afterSuite" time="0.0" classname="wrappers.ProjectWrappers">
    <ignored/>
  </testcase> <!-- @AfterSuite afterSuite -->
  <testcase name="@AfterSuite afterSuite" time="0.0" classname="wrappers.ProjectWrappers">
    <ignored/>
  </testcase> <!-- @AfterSuite afterSuite -->
  <testcase name="@AfterSuite afterSuite" time="0.0" classname="wrappers.ProjectWrappers">
    <ignored/>
  </testcase> <!-- @AfterSuite afterSuite -->
  <testcase name="@AfterSuite afterSuite" time="0.0" classname="wrappers.ProjectWrappers">
    <ignored/>
  </testcase> <!-- @AfterSuite afterSuite -->
  <testcase name="@AfterSuite afterSuite" time="0.0" classname="wrappers.ProjectWrappers">
    <ignored/>
  </testcase> <!-- @AfterSuite afterSuite -->
  <testcase name="@AfterSuite afterSuite" time="0.0" classname="wrappers.ProjectWrappers">
    <ignored/>
  </testcase> <!-- @AfterSuite afterSuite -->
  <testcase name="@AfterSuite afterSuite" time="0.0" classname="wrappers.ProjectWrappers">
    <ignored/>
  </testcase> <!-- @AfterSuite afterSuite -->
  <testcase name="@AfterSuite afterSuite" time="0.0" classname="wrappers.ProjectWrappers">
    <ignored/>
  </testcase> <!-- @AfterSuite afterSuite -->
  <testcase name="@AfterSuite afterSuite" time="0.0" classname="wrappers.ProjectWrappers">
    <ignored/>
  </testcase> <!-- @AfterSuite afterSuite -->
  <testcase name="@AfterSuite afterSuite" time="0.0" classname="wrappers.ProjectWrappers">
    <ignored/>
  </testcase> <!-- @AfterSuite afterSuite -->
  <testcase name="@AfterSuite afterSuite" time="0.0" classname="wrappers.ProjectWrappers">
    <ignored/>
  </testcase> <!-- @AfterSuite afterSuite -->
  <testcase name="@AfterSuite afterSuite" time="0.0" classname="wrappers.ProjectWrappers">
    <ignored/>
  </testcase> <!-- @AfterSuite afterSuite -->
  <testcase name="@AfterSuite afterSuite" time="0.0" classname="wrappers.ProjectWrappers">
    <ignored/>
  </testcase> <!-- @AfterSuite afterSuite -->
  <testcase name="@AfterSuite afterSuite" time="0.0" classname="wrappers.ProjectWrappers">
    <ignored/>
  </testcase> <!-- @AfterSuite afterSuite -->
  <testcase name="@AfterSuite afterSuite" time="0.0" classname="wrappers.ProjectWrappers">
    <ignored/>
  </testcase> <!-- @AfterSuite afterSuite -->
  <testcase name="@AfterSuite afterSuite" time="0.0" classname="wrappers.ProjectWrappers">
    <ignored/>
  </testcase> <!-- @AfterSuite afterSuite -->
  <testcase name="@AfterSuite afterSuite" time="0.0" classname="wrappers.ProjectWrappers">
    <ignored/>
  </testcase> <!-- @AfterSuite afterSuite -->
  <testcase name="@AfterSuite afterSuite" time="0.0" classname="wrappers.ProjectWrappers">
    <ignored/>
  </testcase> <!-- @AfterSuite afterSuite -->
  <testcase name="@AfterSuite afterSuite" time="0.0" classname="wrappers.ProjectWrappers">
    <ignored/>
  </testcase> <!-- @AfterSuite afterSuite -->
  <testcase name="@AfterSuite afterSuite" time="0.0" classname="wrappers.ProjectWrappers">
    <ignored/>
  </testcase> <!-- @AfterSuite afterSuite -->
  <testcase name="@AfterSuite afterSuite" time="0.0" classname="wrappers.ProjectWrappers">
    <ignored/>
  </testcase> <!-- @AfterSuite afterSuite -->
  <testcase name="@AfterSuite afterSuite" time="0.0" classname="wrappers.ProjectWrappers">
    <ignored/>
  </testcase> <!-- @AfterSuite afterSuite -->
  <testcase name="@AfterSuite afterSuite" time="0.0" classname="wrappers.ProjectWrappers">
    <ignored/>
  </testcase> <!-- @AfterSuite afterSuite -->
  <testcase name="@AfterSuite afterSuite" time="0.0" classname="wrappers.ProjectWrappers">
    <ignored/>
  </testcase> <!-- @AfterSuite afterSuite -->
  <testcase name="@AfterSuite afterSuite" time="0.0" classname="wrappers.ProjectWrappers">
    <ignored/>
  </testcase> <!-- @AfterSuite afterSuite -->
  <testcase name="@AfterSuite afterSuite" time="0.0" classname="wrappers.ProjectWrappers">
    <ignored/>
  </testcase> <!-- @AfterSuite afterSuite -->
  <testcase name="@BeforeSuite beforeSuite" time="0.0" classname="wrappers.ProjectWrappers">
    <ignored/>
  </testcase> <!-- @BeforeSuite beforeSuite -->
  <testcase name="@BeforeSuite beforeSuite" time="0.0" classname="wrappers.ProjectWrappers">
    <ignored/>
  </testcase> <!-- @BeforeSuite beforeSuite -->
  <testcase name="@BeforeSuite beforeSuite" time="0.0" classname="wrappers.ProjectWrappers">
    <ignored/>
  </testcase> <!-- @BeforeSuite beforeSuite -->
  <testcase name="@BeforeSuite beforeSuite" time="0.0" classname="wrappers.ProjectWrappers">
    <ignored/>
  </testcase> <!-- @BeforeSuite beforeSuite -->
  <testcase name="@BeforeSuite beforeSuite" time="0.0" classname="wrappers.ProjectWrappers">
    <ignored/>
  </testcase> <!-- @BeforeSuite beforeSuite -->
  <testcase name="@BeforeSuite beforeSuite" time="0.0" classname="wrappers.ProjectWrappers">
    <ignored/>
  </testcase> <!-- @BeforeSuite beforeSuite -->
  <testcase name="@BeforeSuite beforeSuite" time="0.0" classname="wrappers.ProjectWrappers">
    <ignored/>
  </testcase> <!-- @BeforeSuite beforeSuite -->
  <testcase name="@BeforeSuite beforeSuite" time="0.0" classname="wrappers.ProjectWrappers">
    <ignored/>
  </testcase> <!-- @BeforeSuite beforeSuite -->
  <testcase name="@BeforeSuite beforeSuite" time="0.0" classname="wrappers.ProjectWrappers">
    <ignored/>
  </testcase> <!-- @BeforeSuite beforeSuite -->
  <testcase name="@BeforeSuite beforeSuite" time="0.0" classname="wrappers.ProjectWrappers">
    <ignored/>
  </testcase> <!-- @BeforeSuite beforeSuite -->
  <testcase name="@BeforeSuite beforeSuite" time="0.0" classname="wrappers.ProjectWrappers">
    <ignored/>
  </testcase> <!-- @BeforeSuite beforeSuite -->
  <testcase name="@BeforeSuite beforeSuite" time="0.0" classname="wrappers.ProjectWrappers">
    <ignored/>
  </testcase> <!-- @BeforeSuite beforeSuite -->
  <testcase name="@BeforeSuite beforeSuite" time="0.0" classname="wrappers.ProjectWrappers">
    <ignored/>
  </testcase> <!-- @BeforeSuite beforeSuite -->
  <testcase name="@BeforeSuite beforeSuite" time="0.0" classname="wrappers.ProjectWrappers">
    <ignored/>
  </testcase> <!-- @BeforeSuite beforeSuite -->
  <testcase name="@BeforeSuite beforeSuite" time="0.0" classname="wrappers.ProjectWrappers">
    <ignored/>
  </testcase> <!-- @BeforeSuite beforeSuite -->
  <testcase name="@BeforeSuite beforeSuite" time="0.0" classname="wrappers.ProjectWrappers">
    <ignored/>
  </testcase> <!-- @BeforeSuite beforeSuite -->
  <testcase name="@BeforeSuite beforeSuite" time="0.0" classname="wrappers.ProjectWrappers">
    <ignored/>
  </testcase> <!-- @BeforeSuite beforeSuite -->
  <testcase name="@BeforeSuite beforeSuite" time="0.0" classname="wrappers.ProjectWrappers">
    <ignored/>
  </testcase> <!-- @BeforeSuite beforeSuite -->
  <testcase name="@BeforeSuite beforeSuite" time="0.0" classname="wrappers.ProjectWrappers">
    <ignored/>
  </testcase> <!-- @BeforeSuite beforeSuite -->
  <testcase name="@BeforeSuite beforeSuite" time="0.0" classname="wrappers.ProjectWrappers">
    <ignored/>
  </testcase> <!-- @BeforeSuite beforeSuite -->
  <testcase name="@BeforeSuite beforeSuite" time="0.0" classname="wrappers.ProjectWrappers">
    <ignored/>
  </testcase> <!-- @BeforeSuite beforeSuite -->
  <testcase name="@BeforeSuite beforeSuite" time="0.0" classname="wrappers.ProjectWrappers">
    <ignored/>
  </testcase> <!-- @BeforeSuite beforeSuite -->
  <testcase name="@BeforeSuite beforeSuite" time="0.0" classname="wrappers.ProjectWrappers">
    <ignored/>
  </testcase> <!-- @BeforeSuite beforeSuite -->
  <testcase name="@BeforeSuite beforeSuite" time="0.0" classname="wrappers.ProjectWrappers">
    <ignored/>
  </testcase> <!-- @BeforeSuite beforeSuite -->
  <testcase name="@BeforeSuite beforeSuite" time="0.0" classname="wrappers.ProjectWrappers">
    <ignored/>
  </testcase> <!-- @BeforeSuite beforeSuite -->
  <testcase name="@BeforeSuite beforeSuite" time="0.0" classname="wrappers.ProjectWrappers">
    <ignored/>
  </testcase> <!-- @BeforeSuite beforeSuite -->
  <testcase name="@BeforeSuite beforeSuite" time="0.0" classname="wrappers.ProjectWrappers">
    <ignored/>
  </testcase> <!-- @BeforeSuite beforeSuite -->
  <testcase name="@BeforeSuite beforeSuite" time="0.0" classname="wrappers.ProjectWrappers">
    <ignored/>
  </testcase> <!-- @BeforeSuite beforeSuite -->
  <testcase name="@BeforeSuite beforeSuite" time="0.0" classname="wrappers.ProjectWrappers">
    <ignored/>
  </testcase> <!-- @BeforeSuite beforeSuite -->
  <testcase name="@BeforeSuite beforeSuite" time="0.0" classname="wrappers.ProjectWrappers">
    <ignored/>
  </testcase> <!-- @BeforeSuite beforeSuite -->
  <testcase name="@BeforeSuite beforeSuite" time="0.0" classname="wrappers.ProjectWrappers">
    <ignored/>
  </testcase> <!-- @BeforeSuite beforeSuite -->
  <testcase name="@BeforeSuite beforeSuite" time="0.0" classname="wrappers.ProjectWrappers">
    <ignored/>
  </testcase> <!-- @BeforeSuite beforeSuite -->
  <testcase name="@BeforeSuite beforeSuite" time="0.0" classname="wrappers.ProjectWrappers">
    <ignored/>
  </testcase> <!-- @BeforeSuite beforeSuite -->
  <testcase name="@BeforeSuite beforeSuite" time="0.0" classname="wrappers.ProjectWrappers">
    <ignored/>
  </testcase> <!-- @BeforeSuite beforeSuite -->
  <testcase name="@BeforeSuite beforeSuite" time="0.0" classname="wrappers.ProjectWrappers">
    <ignored/>
  </testcase> <!-- @BeforeSuite beforeSuite -->
  <testcase name="@BeforeSuite beforeSuite" time="0.0" classname="wrappers.ProjectWrappers">
    <ignored/>
  </testcase> <!-- @BeforeSuite beforeSuite -->
  <testcase name="@BeforeSuite beforeSuite" time="0.0" classname="wrappers.ProjectWrappers">
    <ignored/>
  </testcase> <!-- @BeforeSuite beforeSuite -->
  <testcase name="@BeforeSuite beforeSuite" time="0.0" classname="wrappers.ProjectWrappers">
    <ignored/>
  </testcase> <!-- @BeforeSuite beforeSuite -->
  <testcase name="@BeforeSuite beforeSuite" time="0.0" classname="wrappers.ProjectWrappers">
    <ignored/>
  </testcase> <!-- @BeforeSuite beforeSuite -->
  <testcase name="@BeforeSuite beforeSuite" time="0.0" classname="wrappers.ProjectWrappers">
    <ignored/>
  </testcase> <!-- @BeforeSuite beforeSuite -->
  <testcase name="@BeforeSuite beforeSuite" time="0.0" classname="wrappers.ProjectWrappers">
    <ignored/>
  </testcase> <!-- @BeforeSuite beforeSuite -->
  <testcase name="@BeforeSuite beforeSuite" time="0.0" classname="wrappers.ProjectWrappers">
    <ignored/>
  </testcase> <!-- @BeforeSuite beforeSuite -->
  <testcase name="@BeforeSuite beforeSuite" time="0.0" classname="wrappers.ProjectWrappers">
    <ignored/>
  </testcase> <!-- @BeforeSuite beforeSuite -->
  <testcase name="@BeforeSuite beforeSuite" time="0.0" classname="wrappers.ProjectWrappers">
    <ignored/>
  </testcase> <!-- @BeforeSuite beforeSuite -->
  <testcase name="@BeforeSuite beforeSuite" time="0.0" classname="wrappers.ProjectWrappers">
    <ignored/>
  </testcase> <!-- @BeforeSuite beforeSuite -->
  <testcase name="@BeforeSuite beforeSuite" time="0.0" classname="wrappers.ProjectWrappers">
    <ignored/>
  </testcase> <!-- @BeforeSuite beforeSuite -->
  <testcase name="@BeforeSuite beforeSuite" time="0.0" classname="wrappers.ProjectWrappers">
    <ignored/>
  </testcase> <!-- @BeforeSuite beforeSuite -->
  <testcase name="@BeforeSuite beforeSuite" time="0.0" classname="wrappers.ProjectWrappers">
    <ignored/>
  </testcase> <!-- @BeforeSuite beforeSuite -->
  <testcase name="@BeforeSuite beforeSuite" time="0.0" classname="wrappers.ProjectWrappers">
    <ignored/>
  </testcase> <!-- @BeforeSuite beforeSuite -->
  <testcase name="@BeforeSuite beforeSuite" time="0.0" classname="wrappers.ProjectWrappers">
    <ignored/>
  </testcase> <!-- @BeforeSuite beforeSuite -->
  <testcase name="@BeforeSuite beforeSuite" time="0.0" classname="wrappers.ProjectWrappers">
    <ignored/>
  </testcase> <!-- @BeforeSuite beforeSuite -->
</testsuite> <!-- managecards -->
