<?xml version="1.0" encoding="UTF-8"?>
<!-- Generated by org.testng.reporters.JUnitXMLReporter -->
<testsuite hostname="vairamuthu" ignored="0" name="Test21" tests="2" failures="1" timestamp="20 Feb 2019 11:09:57 GMT" time="146.878" errors="0">
  <testcase name="DBP16046Maker" time="97.167" classname="testcases.DBP16046"/>
  <testcase name="DBP16046CheckerReject" time="39.637" classname="testcases.DBP16046">
    <failure type="java.lang.RuntimeException" message="FAILED">
      <![CDATA[java.lang.RuntimeException: FAILED
at utils.Reporter.reportStep(Reporter.java:29)
at wrappers.GenericWrappers.clickWrapper(GenericWrappers.java:361)
at wrappers.GenericWrappers.clickByXpath(GenericWrappers.java:733)
at pages.OrganizationPage.btnReject(OrganizationPage.java:605)
at testcases.DBP16046.DBP16046CheckerReject(DBP16046.java:80)
... Removed 25 stack frames]]>
    </failure>
  </testcase> <!-- DBP16046CheckerReject -->
</testsuite> <!-- Test21 -->
